#Software: Bizagi Web
#Version: 1.0.0.0
#Platform: CLR 4.0.30319.42000
#OSVersion: Microsoft Windows NT 6.2.9200.0
#Machine: TARGARYEN
#ProcessorCount: 4
#User Name: Wise
#Domain: Targaryen

#Fields: date time session level module submodule message
2020-11-29 15:57:48.440 None     INFO AUTHENTICATION------ SESSIONREQUEST------ Request ID:f52a7a51-d6ad-4e3a-9ebf-d70026354cab, AuthenticationType: BizAgi, AuthenticationSubType:None, Message: ValidateRequest: Authentication:false, authenticationCookie is null, IP:127.0.0.1.
2020-11-29 15:57:48.603 None     INFO AUTHENTICATION------ SESSIONREQUEST------ Request ID:f5f2fb44-9337-402f-9c13-dbb5ebf81a1b, AuthenticationType: BizAgi, AuthenticationSubType:None, Message: ValidateRequest: Authentication:false, authenticationCookie is null, IP:127.0.0.1.
2020-11-29 15:57:48.656 None     INFO AUTHENTICATION------ SESSIONREQUEST------ Request ID:019ab3ef-8147-48b9-ae3e-39b37ce92bd7, AuthenticationType: BizAgi, AuthenticationSubType:None, Message: ValidateRequest: Authentication:false, authenticationCookie is null, IP:127.0.0.1.
2020-11-29 15:57:48.741 None     INFO AUTHENTICATION------ SESSIONREQUEST------ Request ID:41e1a1c7-20bd-4881-ace3-5b146965f3dd, AuthenticationType: BizAgi, AuthenticationSubType:None, Message: ValidateRequest: Authentication:false, authenticationCookie is null, IP:127.0.0.1.
2020-11-29 15:57:48.872 None     INFO AUTHENTICATION------ SESSIONREQUEST------ Request ID:41e1a1c7-20bd-4881-ace3-5b146965f3dd, AuthenticationType: BizAgi, AuthenticationSubType:None, Message: AuthenticateRequest: Principal Identity Name: domain\admon, IP:127.0.0.1..
2020-11-29 15:57:49.305 None     INFO AUTHENTICATION------ SESSIONREQUEST------ Request ID:b00019bb-990b-466c-84b9-6e07511ce2a9, AuthenticationType: BizAgi, AuthenticationSubType:None, Message: ValidateRequest: domain\admon, IP:127.0.0.1.
2020-11-29 15:57:49.305 None     INFO AUTHENTICATION------ SESSIONREQUEST------ Request ID:b00019bb-990b-466c-84b9-6e07511ce2a9, AuthenticationType: BizAgi, AuthenticationSubType:None, Message: ValidateRequest: Authentication:true, User enable, domain\admon, IP:127.0.0.1.
2020-11-29 15:57:49.358 None     INFO AUTHENTICATION------ SESSIONREQUEST------ Request ID:a54df29a-51da-4de2-8993-8cf4b02fe9fa, AuthenticationType: BizAgi, AuthenticationSubType:None, Message: ValidateRequest: domain\admon, IP:127.0.0.1.
2020-11-29 15:57:49.358 None     INFO AUTHENTICATION------ SESSIONREQUEST------ Request ID:a54df29a-51da-4de2-8993-8cf4b02fe9fa, AuthenticationType: BizAgi, AuthenticationSubType:None, Message: ValidateRequest: Authentication:true, User enable, domain\admon, IP:127.0.0.1.
2020-11-29 15:57:49.405 None     INFO AUTHENTICATION------ SESSIONREQUEST------ Request ID:ee909251-a20b-412b-9141-64d4e5638b3b, AuthenticationType: BizAgi, AuthenticationSubType:None, Message: ValidateRequest: domain\admon, IP:127.0.0.1.
2020-11-29 15:57:49.405 None     INFO AUTHENTICATION------ SESSIONREQUEST------ Request ID:ee909251-a20b-412b-9141-64d4e5638b3b, AuthenticationType: BizAgi, AuthenticationSubType:None, Message: ValidateRequest: Authentication:true, User enable, domain\admon, IP:127.0.0.1.
2020-11-29 15:57:49.543 None     INFO AUTHENTICATION------ SESSIONREQUEST------ Request ID:c7adada6-4516-42c9-9a54-d195d598b62f, AuthenticationType: BizAgi, AuthenticationSubType:None, Message: ValidateRequest: domain\admon, IP:127.0.0.1.
2020-11-29 15:57:49.543 None     INFO AUTHENTICATION------ SESSIONREQUEST------ Request ID:c7adada6-4516-42c9-9a54-d195d598b62f, AuthenticationType: BizAgi, AuthenticationSubType:None, Message: ValidateRequest: Authentication:true, User enable, domain\admon, IP:127.0.0.1.
2020-11-29 15:57:49.558 None     INFO AUTHENTICATION------ SESSIONREQUEST------ Request ID:6811b2ed-eaab-40d8-b3d0-05375c41ba32, AuthenticationType: BizAgi, AuthenticationSubType:None, Message: ValidateRequest: domain\admon, IP:127.0.0.1.
2020-11-29 15:57:49.558 None     INFO AUTHENTICATION------ SESSIONREQUEST------ Request ID:f9b916eb-bdf8-43c4-9d3c-16bf407ba120, AuthenticationType: BizAgi, AuthenticationSubType:None, Message: ValidateRequest: domain\admon, IP:127.0.0.1.
2020-11-29 15:57:49.558 None     INFO AUTHENTICATION------ SESSIONREQUEST------ Request ID:6811b2ed-eaab-40d8-b3d0-05375c41ba32, AuthenticationType: BizAgi, AuthenticationSubType:None, Message: ValidateRequest: Authentication:true, User enable, domain\admon, IP:127.0.0.1.
2020-11-29 15:57:49.558 None     INFO AUTHENTICATION------ SESSIONREQUEST------ Request ID:f9b916eb-bdf8-43c4-9d3c-16bf407ba120, AuthenticationType: BizAgi, AuthenticationSubType:None, Message: ValidateRequest: Authentication:true, User enable, domain\admon, IP:127.0.0.1.
2020-11-29 15:57:49.574 None     INFO AUTHENTICATION------ SESSIONREQUEST------ Request ID:32d8b87d-57b6-4465-a73a-8298f0e0540a, AuthenticationType: BizAgi, AuthenticationSubType:None, Message: ValidateRequest: domain\admon, IP:127.0.0.1.
2020-11-29 15:57:49.574 None     INFO AUTHENTICATION------ SESSIONREQUEST------ Request ID:32d8b87d-57b6-4465-a73a-8298f0e0540a, AuthenticationType: BizAgi, AuthenticationSubType:None, Message: ValidateRequest: Authentication:true, User enable, domain\admon, IP:127.0.0.1.
2020-11-29 15:57:49.637 None     INFO AUTHENTICATION------ SESSIONREQUEST------ Request ID:bcd8757e-f0a1-418b-8005-cd5388e3afce, AuthenticationType: BizAgi, AuthenticationSubType:None, Message: ValidateRequest: domain\admon, IP:127.0.0.1.
2020-11-29 15:57:49.637 None     INFO AUTHENTICATION------ SESSIONREQUEST------ Request ID:bcd8757e-f0a1-418b-8005-cd5388e3afce, AuthenticationType: BizAgi, AuthenticationSubType:None, Message: ValidateRequest: Authentication:true, User enable, domain\admon, IP:127.0.0.1.
2020-11-29 15:57:49.866 None     INFO AUTHENTICATION------ SESSIONREQUEST------ Request ID:3dccc45a-c0ab-467a-9627-80ba7ef732a3, AuthenticationType: BizAgi, AuthenticationSubType:None, Message: ValidateRequest: domain\admon, IP:127.0.0.1.
2020-11-29 15:57:49.866 None     INFO AUTHENTICATION------ SESSIONREQUEST------ Request ID:3dccc45a-c0ab-467a-9627-80ba7ef732a3, AuthenticationType: BizAgi, AuthenticationSubType:None, Message: ValidateRequest: Authentication:true, User enable, domain\admon, IP:127.0.0.1.
2020-11-29 15:57:49.886 None     INFO AUTHENTICATION------ SESSIONREQUEST------ Request ID:3dccc45a-c0ab-467a-9627-80ba7ef732a3, AuthenticationType: BizAgi, AuthenticationSubType:None, Message: AuthenticateRequest: Principal Identity Name: domain\admon, IP:127.0.0.1..
2020-11-29 15:57:49.927 None     INFO AUTHENTICATION------ SESSIONREQUEST------ Request ID:07d0838f-9cf1-48e5-a3c6-66dbbb821ca2, AuthenticationType: BizAgi, AuthenticationSubType:None, Message: AuthenticateRequest: Principal Identity Name: domain\admon, IP:127.0.0.1..
2020-11-29 15:57:49.927 None     INFO AUTHENTICATION------ SESSIONREQUEST------ Request ID:07d0838f-9cf1-48e5-a3c6-66dbbb821ca2, AuthenticationType: BizAgi, AuthenticationSubType:None, Message: ValidateRequest: domain\admon, IP:127.0.0.1.
2020-11-29 15:57:49.927 None     INFO AUTHENTICATION------ SESSIONREQUEST------ Request ID:07d0838f-9cf1-48e5-a3c6-66dbbb821ca2, AuthenticationType: BizAgi, AuthenticationSubType:None, Message: ValidateRequest: Authentication:true, User enable, domain\admon, IP:127.0.0.1.
2020-11-29 15:57:49.937 None     INFO AUTHENTICATION------ SESSIONREQUEST------ Request ID:1a5523f0-ad3b-4845-8665-7c370b8f9222, AuthenticationType: BizAgi, AuthenticationSubType:None, Message: ValidateRequest: domain\admon, IP:127.0.0.1.
2020-11-29 15:57:49.937 None     INFO AUTHENTICATION------ SESSIONREQUEST------ Request ID:1a5523f0-ad3b-4845-8665-7c370b8f9222, AuthenticationType: BizAgi, AuthenticationSubType:None, Message: ValidateRequest: Authentication:true, User enable, domain\admon, IP:127.0.0.1.
2020-11-29 15:57:49.967 None     INFO AUTHENTICATION------ SESSIONREQUEST------ Request ID:d2479ba1-699e-4f6d-8afb-a844b3833f93, AuthenticationType: BizAgi, AuthenticationSubType:None, Message: ValidateRequest: domain\admon, IP:127.0.0.1.
2020-11-29 15:57:49.967 None     INFO AUTHENTICATION------ SESSIONREQUEST------ Request ID:d2479ba1-699e-4f6d-8afb-a844b3833f93, AuthenticationType: BizAgi, AuthenticationSubType:None, Message: ValidateRequest: Authentication:true, User enable, domain\admon, IP:127.0.0.1.
2020-11-29 15:57:49.987 None     INFO AUTHENTICATION------ SESSIONREQUEST------ Request ID:3a2a0a16-a602-40af-a62c-93a101fb7acb, AuthenticationType: BizAgi, AuthenticationSubType:None, Message: ValidateRequest: domain\admon, IP:127.0.0.1.
2020-11-29 15:57:49.987 None     INFO AUTHENTICATION------ SESSIONREQUEST------ Request ID:3a2a0a16-a602-40af-a62c-93a101fb7acb, AuthenticationType: BizAgi, AuthenticationSubType:None, Message: ValidateRequest: Authentication:true, User enable, domain\admon, IP:127.0.0.1.
2020-11-29 15:57:50.007 None     INFO AUTHENTICATION------ SESSIONREQUEST------ Request ID:491680f0-fc09-4e19-88c7-fa513d7015cd, AuthenticationType: BizAgi, AuthenticationSubType:None, Message: ValidateRequest: domain\admon, IP:127.0.0.1.
2020-11-29 15:57:50.007 None     INFO AUTHENTICATION------ SESSIONREQUEST------ Request ID:491680f0-fc09-4e19-88c7-fa513d7015cd, AuthenticationType: BizAgi, AuthenticationSubType:None, Message: ValidateRequest: Authentication:true, User enable, domain\admon, IP:127.0.0.1.
2020-11-29 15:57:50.015 None     INFO AUTHENTICATION------ SESSIONREQUEST------ Request ID:9c58a005-a193-4489-96a3-fd7d1e8a7e48, AuthenticationType: BizAgi, AuthenticationSubType:None, Message: ValidateRequest: domain\admon, IP:127.0.0.1.
2020-11-29 15:57:50.015 None     INFO AUTHENTICATION------ SESSIONREQUEST------ Request ID:9c58a005-a193-4489-96a3-fd7d1e8a7e48, AuthenticationType: BizAgi, AuthenticationSubType:None, Message: ValidateRequest: Authentication:true, User enable, domain\admon, IP:127.0.0.1.
2020-11-29 15:57:50.025 None     INFO AUTHENTICATION------ SESSIONREQUEST------ Request ID:77836714-c645-408e-93df-2fbb5c164f1a, AuthenticationType: BizAgi, AuthenticationSubType:None, Message: ValidateRequest: domain\admon, IP:127.0.0.1.
2020-11-29 15:57:50.025 None     INFO AUTHENTICATION------ SESSIONREQUEST------ Request ID:77836714-c645-408e-93df-2fbb5c164f1a, AuthenticationType: BizAgi, AuthenticationSubType:None, Message: ValidateRequest: Authentication:true, User enable, domain\admon, IP:127.0.0.1.
2020-11-29 15:57:50.172 None     INFO AUTHENTICATION------ SESSIONREQUEST------ Request ID:80b3a9cd-3883-487e-87a5-17fa444a2bd8, AuthenticationType: BizAgi, AuthenticationSubType:None, Message: ValidateRequest: domain\admon, IP:127.0.0.1.
2020-11-29 15:57:50.172 None     INFO AUTHENTICATION------ SESSIONREQUEST------ Request ID:80b3a9cd-3883-487e-87a5-17fa444a2bd8, AuthenticationType: BizAgi, AuthenticationSubType:None, Message: ValidateRequest: Authentication:true, User enable, domain\admon, IP:127.0.0.1.
2020-11-29 15:57:50.172 None     INFO AUTHENTICATION------ SESSIONREQUEST------ Request ID:221610f7-07e4-4217-aa97-12ed696f0f0f, AuthenticationType: BizAgi, AuthenticationSubType:None, Message: ValidateRequest: domain\admon, IP:127.0.0.1.
2020-11-29 15:57:50.172 None     INFO AUTHENTICATION------ SESSIONREQUEST------ Request ID:221610f7-07e4-4217-aa97-12ed696f0f0f, AuthenticationType: BizAgi, AuthenticationSubType:None, Message: ValidateRequest: Authentication:true, User enable, domain\admon, IP:127.0.0.1.
2020-11-29 15:57:50.203 None     INFO AUTHENTICATION------ SESSIONREQUEST------ Request ID:542d7c5d-1062-444d-b80c-5533daa3e81a, AuthenticationType: BizAgi, AuthenticationSubType:None, Message: ValidateRequest: domain\admon, IP:127.0.0.1.
2020-11-29 15:57:50.203 None     INFO AUTHENTICATION------ SESSIONREQUEST------ Request ID:542d7c5d-1062-444d-b80c-5533daa3e81a, AuthenticationType: BizAgi, AuthenticationSubType:None, Message: ValidateRequest: Authentication:true, User enable, domain\admon, IP:127.0.0.1.
2020-11-29 15:57:50.226 None     INFO AUTHENTICATION------ SESSIONREQUEST------ Request ID:8e3a0be9-185c-4cc3-957c-136134870c78, AuthenticationType: BizAgi, AuthenticationSubType:None, Message: ValidateRequest: domain\admon, IP:127.0.0.1.
2020-11-29 15:57:50.226 None     INFO AUTHENTICATION------ SESSIONREQUEST------ Request ID:8e3a0be9-185c-4cc3-957c-136134870c78, AuthenticationType: BizAgi, AuthenticationSubType:None, Message: ValidateRequest: Authentication:true, User enable, domain\admon, IP:127.0.0.1.
2020-11-29 15:57:50.241 None     INFO AUTHENTICATION------ SESSIONREQUEST------ Request ID:0b6f113b-053e-4995-a057-6c0fc0e59723, AuthenticationType: BizAgi, AuthenticationSubType:None, Message: ValidateRequest: domain\admon, IP:127.0.0.1.
2020-11-29 15:57:50.241 None     INFO AUTHENTICATION------ SESSIONREQUEST------ Request ID:0b6f113b-053e-4995-a057-6c0fc0e59723, AuthenticationType: BizAgi, AuthenticationSubType:None, Message: ValidateRequest: Authentication:true, User enable, domain\admon, IP:127.0.0.1.
2020-11-29 15:57:50.341 None     INFO AUTHENTICATION------ SESSIONREQUEST------ Request ID:21d27969-8045-4e69-9615-e1f63aa7df83, AuthenticationType: BizAgi, AuthenticationSubType:None, Message: ValidateRequest: domain\admon, IP:127.0.0.1.
2020-11-29 15:57:50.341 None     INFO AUTHENTICATION------ SESSIONREQUEST------ Request ID:21d27969-8045-4e69-9615-e1f63aa7df83, AuthenticationType: BizAgi, AuthenticationSubType:None, Message: ValidateRequest: Authentication:true, User enable, domain\admon, IP:127.0.0.1.
2020-11-29 15:57:50.404 None     INFO AUTHENTICATION------ SESSIONREQUEST------ Request ID:74a1e5b2-06c4-408c-8a8e-c25222adc7d9, AuthenticationType: BizAgi, AuthenticationSubType:None, Message: ValidateRequest: domain\admon, IP:127.0.0.1.
2020-11-29 15:57:50.404 None     INFO AUTHENTICATION------ SESSIONREQUEST------ Request ID:74a1e5b2-06c4-408c-8a8e-c25222adc7d9, AuthenticationType: BizAgi, AuthenticationSubType:None, Message: ValidateRequest: Authentication:true, User enable, domain\admon, IP:127.0.0.1.
2020-11-29 15:57:50.426 None     INFO AUTHENTICATION------ SESSIONREQUEST------ Request ID:52389c26-5605-4707-9863-477d85b0573f, AuthenticationType: BizAgi, AuthenticationSubType:None, Message: ValidateRequest: domain\admon, IP:127.0.0.1.
2020-11-29 15:57:50.426 None     INFO AUTHENTICATION------ SESSIONREQUEST------ Request ID:52389c26-5605-4707-9863-477d85b0573f, AuthenticationType: BizAgi, AuthenticationSubType:None, Message: ValidateRequest: Authentication:true, User enable, domain\admon, IP:127.0.0.1.
2020-11-29 15:57:50.526 None     INFO AUTHENTICATION------ SESSIONREQUEST------ Request ID:416e8d77-a55a-47e8-9555-bf9b78229188, AuthenticationType: BizAgi, AuthenticationSubType:None, Message: ValidateRequest: domain\admon, IP:127.0.0.1.
2020-11-29 15:57:50.526 None     INFO AUTHENTICATION------ SESSIONREQUEST------ Request ID:c92627ef-1680-4043-be88-2abf58c8a291, AuthenticationType: BizAgi, AuthenticationSubType:None, Message: ValidateRequest: domain\admon, IP:127.0.0.1.
2020-11-29 15:57:50.526 None     INFO AUTHENTICATION------ SESSIONREQUEST------ Request ID:416e8d77-a55a-47e8-9555-bf9b78229188, AuthenticationType: BizAgi, AuthenticationSubType:None, Message: ValidateRequest: Authentication:true, User enable, domain\admon, IP:127.0.0.1.
2020-11-29 15:57:50.526 None     INFO AUTHENTICATION------ SESSIONREQUEST------ Request ID:c92627ef-1680-4043-be88-2abf58c8a291, AuthenticationType: BizAgi, AuthenticationSubType:None, Message: ValidateRequest: Authentication:true, User enable, domain\admon, IP:127.0.0.1.
2020-11-29 15:57:50.573 None     INFO AUTHENTICATION------ SESSIONREQUEST------ Request ID:425a666f-1c02-481f-a800-1218c87536e3, AuthenticationType: BizAgi, AuthenticationSubType:None, Message: ValidateRequest: domain\admon, IP:127.0.0.1.
2020-11-29 15:57:50.573 None     INFO AUTHENTICATION------ SESSIONREQUEST------ Request ID:425a666f-1c02-481f-a800-1218c87536e3, AuthenticationType: BizAgi, AuthenticationSubType:None, Message: ValidateRequest: Authentication:true, User enable, domain\admon, IP:127.0.0.1.
2020-11-29 15:57:50.589 None     INFO AUTHENTICATION------ SESSIONREQUEST------ Request ID:a611c9b6-2b01-4a02-8dda-f999dc166916, AuthenticationType: BizAgi, AuthenticationSubType:None, Message: ValidateRequest: domain\admon, IP:127.0.0.1.
2020-11-29 15:57:50.589 None     INFO AUTHENTICATION------ SESSIONREQUEST------ Request ID:a611c9b6-2b01-4a02-8dda-f999dc166916, AuthenticationType: BizAgi, AuthenticationSubType:None, Message: ValidateRequest: Authentication:true, User enable, domain\admon, IP:127.0.0.1.
2020-11-29 15:57:50.658 None     INFO AUTHENTICATION------ SESSIONREQUEST------ Request ID:62d4c0d6-d04e-4a60-9b42-6f2e06d65412, AuthenticationType: BizAgi, AuthenticationSubType:None, Message: ValidateRequest: domain\admon, IP:127.0.0.1.
2020-11-29 15:57:50.658 None     INFO AUTHENTICATION------ SESSIONREQUEST------ Request ID:62d4c0d6-d04e-4a60-9b42-6f2e06d65412, AuthenticationType: BizAgi, AuthenticationSubType:None, Message: ValidateRequest: Authentication:true, User enable, domain\admon, IP:127.0.0.1.
2020-11-29 15:57:50.727 None     INFO AUTHENTICATION------ SESSIONREQUEST------ Request ID:814f0927-6bd5-45a2-a6d9-5f2f2e795762, AuthenticationType: BizAgi, AuthenticationSubType:None, Message: ValidateRequest: domain\admon, IP:127.0.0.1.
2020-11-29 15:57:50.727 None     INFO AUTHENTICATION------ SESSIONREQUEST------ Request ID:814f0927-6bd5-45a2-a6d9-5f2f2e795762, AuthenticationType: BizAgi, AuthenticationSubType:None, Message: ValidateRequest: Authentication:true, User enable, domain\admon, IP:127.0.0.1.
2020-11-29 15:57:50.727 None     INFO AUTHENTICATION------ SESSIONREQUEST------ Request ID:f2e73f48-73b4-4437-9aab-57262f0c0d18, AuthenticationType: BizAgi, AuthenticationSubType:None, Message: ValidateRequest: domain\admon, IP:127.0.0.1.
2020-11-29 15:57:50.727 None     INFO AUTHENTICATION------ SESSIONREQUEST------ Request ID:f2e73f48-73b4-4437-9aab-57262f0c0d18, AuthenticationType: BizAgi, AuthenticationSubType:None, Message: ValidateRequest: Authentication:true, User enable, domain\admon, IP:127.0.0.1.
2020-11-29 15:57:50.742 None     INFO AUTHENTICATION------ SESSIONREQUEST------ Request ID:f8549966-ad03-468d-a3d0-10e36b4b529a, AuthenticationType: BizAgi, AuthenticationSubType:None, Message: ValidateRequest: domain\admon, IP:127.0.0.1.
2020-11-29 15:57:50.742 None     INFO AUTHENTICATION------ SESSIONREQUEST------ Request ID:f8549966-ad03-468d-a3d0-10e36b4b529a, AuthenticationType: BizAgi, AuthenticationSubType:None, Message: ValidateRequest: Authentication:true, User enable, domain\admon, IP:127.0.0.1.
2020-11-29 15:57:51.259 None     INFO AUTHENTICATION------ SESSIONREQUEST------ Request ID:7e8edc39-1d9b-40dc-b917-bf0348a68028, AuthenticationType: BizAgi, AuthenticationSubType:None, Message: ValidateRequest: domain\admon, IP:127.0.0.1.
2020-11-29 15:57:51.259 None     INFO AUTHENTICATION------ SESSIONREQUEST------ Request ID:7e8edc39-1d9b-40dc-b917-bf0348a68028, AuthenticationType: BizAgi, AuthenticationSubType:None, Message: ValidateRequest: Authentication:true, User enable, domain\admon, IP:127.0.0.1.
2020-11-29 15:57:51.259 None     INFO AUTHENTICATION------ SESSIONREQUEST------ Request ID:ec69e3d3-30f3-42f6-b675-88a1c2215a8a, AuthenticationType: BizAgi, AuthenticationSubType:None, Message: ValidateRequest: domain\admon, IP:127.0.0.1.
2020-11-29 15:57:51.259 None     INFO AUTHENTICATION------ SESSIONREQUEST------ Request ID:ec69e3d3-30f3-42f6-b675-88a1c2215a8a, AuthenticationType: BizAgi, AuthenticationSubType:None, Message: ValidateRequest: Authentication:true, User enable, domain\admon, IP:127.0.0.1.
2020-11-29 15:57:51.460 None     INFO AUTHENTICATION------ SESSIONREQUEST------ Request ID:1097351b-4480-4afe-b04e-55421bddb66f, AuthenticationType: BizAgi, AuthenticationSubType:None, Message: ValidateRequest: domain\admon, IP:127.0.0.1.
2020-11-29 15:57:51.460 None     INFO AUTHENTICATION------ SESSIONREQUEST------ Request ID:1097351b-4480-4afe-b04e-55421bddb66f, AuthenticationType: BizAgi, AuthenticationSubType:None, Message: ValidateRequest: Authentication:true, User enable, domain\admon, IP:127.0.0.1.
2020-11-29 15:57:51.507 None     INFO AUTHENTICATION------ SESSIONREQUEST------ Request ID:1d6fd628-6db0-4ccb-9f2a-528adc5d8bdd, AuthenticationType: BizAgi, AuthenticationSubType:None, Message: ValidateRequest: domain\admon, IP:127.0.0.1.
2020-11-29 15:57:51.507 None     INFO AUTHENTICATION------ SESSIONREQUEST------ Request ID:1d6fd628-6db0-4ccb-9f2a-528adc5d8bdd, AuthenticationType: BizAgi, AuthenticationSubType:None, Message: ValidateRequest: Authentication:true, User enable, domain\admon, IP:127.0.0.1.
2020-11-29 15:57:51.544 None     INFO AUTHENTICATION------ SESSIONREQUEST------ Request ID:7f8157e6-f343-442d-9aff-9847f536b65d, AuthenticationType: BizAgi, AuthenticationSubType:None, Message: ValidateRequest: domain\admon, IP:127.0.0.1.
2020-11-29 15:57:51.544 None     INFO AUTHENTICATION------ SESSIONREQUEST------ Request ID:7f8157e6-f343-442d-9aff-9847f536b65d, AuthenticationType: BizAgi, AuthenticationSubType:None, Message: ValidateRequest: Authentication:true, User enable, domain\admon, IP:127.0.0.1.
2020-11-29 15:57:51.576 None     INFO AUTHENTICATION------ SESSIONREQUEST------ Request ID:4165fb2c-c816-4539-acde-45022c8f6485, AuthenticationType: BizAgi, AuthenticationSubType:None, Message: ValidateRequest: domain\admon, IP:127.0.0.1.
2020-11-29 15:57:51.576 None     INFO AUTHENTICATION------ SESSIONREQUEST------ Request ID:4165fb2c-c816-4539-acde-45022c8f6485, AuthenticationType: BizAgi, AuthenticationSubType:None, Message: ValidateRequest: Authentication:true, User enable, domain\admon, IP:127.0.0.1.
2020-11-29 15:57:51.607 None     INFO AUTHENTICATION------ SESSIONREQUEST------ Request ID:a713a042-ad6d-4453-8163-abeb413a10ae, AuthenticationType: BizAgi, AuthenticationSubType:None, Message: ValidateRequest: domain\admon, IP:127.0.0.1.
2020-11-29 15:57:51.607 None     INFO AUTHENTICATION------ SESSIONREQUEST------ Request ID:a713a042-ad6d-4453-8163-abeb413a10ae, AuthenticationType: BizAgi, AuthenticationSubType:None, Message: ValidateRequest: Authentication:true, User enable, domain\admon, IP:127.0.0.1.
2020-11-29 15:57:51.629 None     INFO AUTHENTICATION------ SESSIONREQUEST------ Request ID:249f819f-13a3-4005-9136-b996a11cf7c9, AuthenticationType: BizAgi, AuthenticationSubType:None, Message: ValidateRequest: domain\admon, IP:127.0.0.1.
2020-11-29 15:57:51.629 None     INFO AUTHENTICATION------ SESSIONREQUEST------ Request ID:e4ff04ff-c32c-4bc6-82b6-c5dc1c2c0d66, AuthenticationType: BizAgi, AuthenticationSubType:None, Message: ValidateRequest: domain\admon, IP:127.0.0.1.
2020-11-29 15:57:51.629 None     INFO AUTHENTICATION------ SESSIONREQUEST------ Request ID:249f819f-13a3-4005-9136-b996a11cf7c9, AuthenticationType: BizAgi, AuthenticationSubType:None, Message: ValidateRequest: Authentication:true, User enable, domain\admon, IP:127.0.0.1.
2020-11-29 15:57:51.629 None     INFO AUTHENTICATION------ SESSIONREQUEST------ Request ID:e4ff04ff-c32c-4bc6-82b6-c5dc1c2c0d66, AuthenticationType: BizAgi, AuthenticationSubType:None, Message: ValidateRequest: Authentication:true, User enable, domain\admon, IP:127.0.0.1.
2020-11-29 15:57:51.629 None     INFO AUTHENTICATION------ SESSIONREQUEST------ Request ID:c46fcafd-7484-4aa8-8501-e41eac25ae9a, AuthenticationType: BizAgi, AuthenticationSubType:None, Message: ValidateRequest: domain\admon, IP:127.0.0.1.
2020-11-29 15:57:51.629 None     INFO AUTHENTICATION------ SESSIONREQUEST------ Request ID:c46fcafd-7484-4aa8-8501-e41eac25ae9a, AuthenticationType: BizAgi, AuthenticationSubType:None, Message: ValidateRequest: Authentication:true, User enable, domain\admon, IP:127.0.0.1.
2020-11-29 15:57:51.645 None     INFO AUTHENTICATION------ SESSIONREQUEST------ Request ID:15f12fcd-47d7-4545-a8b3-b877f261dc51, AuthenticationType: BizAgi, AuthenticationSubType:None, Message: ValidateRequest: domain\admon, IP:127.0.0.1.
2020-11-29 15:57:51.645 None     INFO AUTHENTICATION------ SESSIONREQUEST------ Request ID:15f12fcd-47d7-4545-a8b3-b877f261dc51, AuthenticationType: BizAgi, AuthenticationSubType:None, Message: ValidateRequest: Authentication:true, User enable, domain\admon, IP:127.0.0.1.
2020-11-29 15:57:51.876 None     INFO AUTHENTICATION------ SESSIONREQUEST------ Request ID:83e2c88f-1761-459a-b9fc-c70fb0fd685b, AuthenticationType: BizAgi, AuthenticationSubType:None, Message: ValidateRequest: domain\admon, IP:127.0.0.1.
2020-11-29 15:57:51.876 None     INFO AUTHENTICATION------ SESSIONREQUEST------ Request ID:83e2c88f-1761-459a-b9fc-c70fb0fd685b, AuthenticationType: BizAgi, AuthenticationSubType:None, Message: ValidateRequest: Authentication:true, User enable, domain\admon, IP:127.0.0.1.
2020-11-29 15:57:52.030 None     INFO AUTHENTICATION------ SESSIONREQUEST------ Request ID:4ee92334-40aa-4336-b71d-51985af3e957, AuthenticationType: BizAgi, AuthenticationSubType:None, Message: ValidateRequest: domain\admon, IP:127.0.0.1.
2020-11-29 15:57:52.030 None     INFO AUTHENTICATION------ SESSIONREQUEST------ Request ID:4ee92334-40aa-4336-b71d-51985af3e957, AuthenticationType: BizAgi, AuthenticationSubType:None, Message: ValidateRequest: Authentication:true, User enable, domain\admon, IP:127.0.0.1.
2020-11-29 15:57:52.046 None     INFO AUTHENTICATION------ SESSIONREQUEST------ Request ID:697359c0-10a2-483c-be70-32df6dd66fec, AuthenticationType: BizAgi, AuthenticationSubType:None, Message: ValidateRequest: domain\admon, IP:127.0.0.1.
2020-11-29 15:57:52.046 None     INFO AUTHENTICATION------ SESSIONREQUEST------ Request ID:697359c0-10a2-483c-be70-32df6dd66fec, AuthenticationType: BizAgi, AuthenticationSubType:None, Message: ValidateRequest: Authentication:true, User enable, domain\admon, IP:127.0.0.1.
2020-11-29 16:17:34.593 None     INFO AUTHENTICATION------ SESSIONREQUEST------ Request ID:52e2253d-ed0c-4738-b166-44debe516769, AuthenticationType: BizAgi, AuthenticationSubType:None, Message: ValidateRequest: domain\admon, IP:127.0.0.1.
2020-11-29 16:17:34.593 None     INFO AUTHENTICATION------ SESSIONREQUEST------ Request ID:52e2253d-ed0c-4738-b166-44debe516769, AuthenticationType: BizAgi, AuthenticationSubType:None, Message: ValidateRequest: Authentication:true, User enable, domain\admon, IP:127.0.0.1.
2020-11-29 16:17:34.662 None     INFO AUTHENTICATION------ SESSIONREQUEST------ Request ID:e1c32dd0-b343-4e55-a482-d23cf9e6aaf0, AuthenticationType: BizAgi, AuthenticationSubType:None, Message: ValidateRequest: domain\admon, IP:127.0.0.1.
2020-11-29 16:17:34.662 None     INFO AUTHENTICATION------ SESSIONREQUEST------ Request ID:e1c32dd0-b343-4e55-a482-d23cf9e6aaf0, AuthenticationType: BizAgi, AuthenticationSubType:None, Message: ValidateRequest: Authentication:true, User enable, domain\admon, IP:127.0.0.1.
2020-11-29 16:17:34.662 None     INFO AUTHENTICATION------ SESSIONREQUEST------ Request ID:e58ade15-7abe-43bd-8c17-601ab2f7299c, AuthenticationType: BizAgi, AuthenticationSubType:None, Message: ValidateRequest: domain\admon, IP:127.0.0.1.
2020-11-29 16:17:34.662 None     INFO AUTHENTICATION------ SESSIONREQUEST------ Request ID:e58ade15-7abe-43bd-8c17-601ab2f7299c, AuthenticationType: BizAgi, AuthenticationSubType:None, Message: ValidateRequest: Authentication:true, User enable, domain\admon, IP:127.0.0.1.
2020-11-29 16:17:34.678 None     INFO AUTHENTICATION------ SESSIONREQUEST------ Request ID:30c18c92-150e-4931-a334-f2760d992deb, AuthenticationType: BizAgi, AuthenticationSubType:None, Message: ValidateRequest: domain\admon, IP:127.0.0.1.
2020-11-29 16:17:34.678 None     INFO AUTHENTICATION------ SESSIONREQUEST------ Request ID:30c18c92-150e-4931-a334-f2760d992deb, AuthenticationType: BizAgi, AuthenticationSubType:None, Message: ValidateRequest: Authentication:true, User enable, domain\admon, IP:127.0.0.1.
2020-11-29 16:17:34.763 None     INFO AUTHENTICATION------ SESSIONREQUEST------ Request ID:69b4d118-79e4-47fa-871b-14b931d58bf3, AuthenticationType: BizAgi, AuthenticationSubType:None, Message: ValidateRequest: domain\admon, IP:127.0.0.1.
2020-11-29 16:17:34.763 None     INFO AUTHENTICATION------ SESSIONREQUEST------ Request ID:481d8371-6152-4aad-ac58-3a1de78ee40e, AuthenticationType: BizAgi, AuthenticationSubType:None, Message: ValidateRequest: domain\admon, IP:127.0.0.1.
2020-11-29 16:17:34.763 None     INFO AUTHENTICATION------ SESSIONREQUEST------ Request ID:69b4d118-79e4-47fa-871b-14b931d58bf3, AuthenticationType: BizAgi, AuthenticationSubType:None, Message: ValidateRequest: Authentication:true, User enable, domain\admon, IP:127.0.0.1.
2020-11-29 16:17:34.763 None     INFO AUTHENTICATION------ SESSIONREQUEST------ Request ID:481d8371-6152-4aad-ac58-3a1de78ee40e, AuthenticationType: BizAgi, AuthenticationSubType:None, Message: ValidateRequest: Authentication:true, User enable, domain\admon, IP:127.0.0.1.
2020-11-29 16:17:34.778 None     INFO AUTHENTICATION------ SESSIONREQUEST------ Request ID:4aa373c8-1bb4-471c-96a6-0f670ab450f4, AuthenticationType: BizAgi, AuthenticationSubType:None, Message: ValidateRequest: domain\admon, IP:127.0.0.1.
2020-11-29 16:17:34.778 None     INFO AUTHENTICATION------ SESSIONREQUEST------ Request ID:4aa373c8-1bb4-471c-96a6-0f670ab450f4, AuthenticationType: BizAgi, AuthenticationSubType:None, Message: ValidateRequest: Authentication:true, User enable, domain\admon, IP:127.0.0.1.
2020-11-29 16:17:34.778 None     INFO AUTHENTICATION------ SESSIONREQUEST------ Request ID:3df80050-cd01-4850-8f45-f0b7fdeadb57, AuthenticationType: BizAgi, AuthenticationSubType:None, Message: ValidateRequest: domain\admon, IP:127.0.0.1.
2020-11-29 16:17:34.778 None     INFO AUTHENTICATION------ SESSIONREQUEST------ Request ID:3df80050-cd01-4850-8f45-f0b7fdeadb57, AuthenticationType: BizAgi, AuthenticationSubType:None, Message: ValidateRequest: Authentication:true, User enable, domain\admon, IP:127.0.0.1.
2020-11-29 16:17:34.794 None     INFO AUTHENTICATION------ SESSIONREQUEST------ Request ID:495c5a9c-d7eb-4f8a-a2a1-7141fb326945, AuthenticationType: BizAgi, AuthenticationSubType:None, Message: ValidateRequest: domain\admon, IP:127.0.0.1.
2020-11-29 16:17:34.794 None     INFO AUTHENTICATION------ SESSIONREQUEST------ Request ID:495c5a9c-d7eb-4f8a-a2a1-7141fb326945, AuthenticationType: BizAgi, AuthenticationSubType:None, Message: ValidateRequest: Authentication:true, User enable, domain\admon, IP:127.0.0.1.
2020-11-29 16:17:35.041 None     INFO AUTHENTICATION------ SESSIONREQUEST------ Request ID:2e187273-f87c-4a2b-bb93-1a0a06a6500c, AuthenticationType: BizAgi, AuthenticationSubType:None, Message: ValidateRequest: domain\admon, IP:127.0.0.1.
2020-11-29 16:17:35.041 None     INFO AUTHENTICATION------ SESSIONREQUEST------ Request ID:2e187273-f87c-4a2b-bb93-1a0a06a6500c, AuthenticationType: BizAgi, AuthenticationSubType:None, Message: ValidateRequest: Authentication:true, User enable, domain\admon, IP:127.0.0.1.
2020-11-29 16:17:35.611 None     INFO AUTHENTICATION------ SESSIONREQUEST------ Request ID:87b819e5-5f31-4ba3-8c1d-d28eab3c8339, AuthenticationType: BizAgi, AuthenticationSubType:None, Message: ValidateRequest: domain\admon, IP:127.0.0.1.
2020-11-29 16:17:35.611 None     INFO AUTHENTICATION------ SESSIONREQUEST------ Request ID:87b819e5-5f31-4ba3-8c1d-d28eab3c8339, AuthenticationType: BizAgi, AuthenticationSubType:None, Message: ValidateRequest: Authentication:true, User enable, domain\admon, IP:127.0.0.1.
2020-11-29 16:17:35.613 None     INFO AUTHENTICATION------ SESSIONREQUEST------ Request ID:bcc90d57-5c38-41c1-bc65-60a02a8c641e, AuthenticationType: BizAgi, AuthenticationSubType:None, Message: ValidateRequest: domain\admon, IP:127.0.0.1.
2020-11-29 16:17:35.614 None     INFO AUTHENTICATION------ SESSIONREQUEST------ Request ID:bcc90d57-5c38-41c1-bc65-60a02a8c641e, AuthenticationType: BizAgi, AuthenticationSubType:None, Message: ValidateRequest: Authentication:true, User enable, domain\admon, IP:127.0.0.1.
2020-11-29 16:17:35.981 None     INFO AUTHENTICATION------ SESSIONREQUEST------ Request ID:0a56133b-031d-4569-a4e7-befb7ca799c6, AuthenticationType: BizAgi, AuthenticationSubType:None, Message: ValidateRequest: domain\admon, IP:127.0.0.1.
2020-11-29 16:17:35.981 None     INFO AUTHENTICATION------ SESSIONREQUEST------ Request ID:0a56133b-031d-4569-a4e7-befb7ca799c6, AuthenticationType: BizAgi, AuthenticationSubType:None, Message: ValidateRequest: Authentication:true, User enable, domain\admon, IP:127.0.0.1.
2020-11-29 16:17:36.028 None     INFO AUTHENTICATION------ SESSIONREQUEST------ Request ID:cc2e67c2-db47-4908-97b0-82f2b2107189, AuthenticationType: BizAgi, AuthenticationSubType:None, Message: ValidateRequest: domain\admon, IP:127.0.0.1.
2020-11-29 16:17:36.028 None     INFO AUTHENTICATION------ SESSIONREQUEST------ Request ID:cc2e67c2-db47-4908-97b0-82f2b2107189, AuthenticationType: BizAgi, AuthenticationSubType:None, Message: ValidateRequest: Authentication:true, User enable, domain\admon, IP:127.0.0.1.
2020-11-29 16:17:36.028 None     INFO AUTHENTICATION------ SESSIONREQUEST------ Request ID:a0991816-a7e4-4aa1-916b-212fa15ef2f6, AuthenticationType: BizAgi, AuthenticationSubType:None, Message: ValidateRequest: domain\admon, IP:127.0.0.1.
2020-11-29 16:17:36.028 None     INFO AUTHENTICATION------ SESSIONREQUEST------ Request ID:a0991816-a7e4-4aa1-916b-212fa15ef2f6, AuthenticationType: BizAgi, AuthenticationSubType:None, Message: ValidateRequest: Authentication:true, User enable, domain\admon, IP:127.0.0.1.
2020-11-29 16:17:36.128 None     INFO AUTHENTICATION------ SESSIONREQUEST------ Request ID:9e11f0aa-f8c9-4aff-b5ae-d151909b5cfb, AuthenticationType: BizAgi, AuthenticationSubType:None, Message: ValidateRequest: domain\admon, IP:127.0.0.1.
2020-11-29 16:17:36.128 None     INFO AUTHENTICATION------ SESSIONREQUEST------ Request ID:9e11f0aa-f8c9-4aff-b5ae-d151909b5cfb, AuthenticationType: BizAgi, AuthenticationSubType:None, Message: ValidateRequest: Authentication:true, User enable, domain\admon, IP:127.0.0.1.
2020-11-29 16:17:36.159 None     INFO AUTHENTICATION------ SESSIONREQUEST------ Request ID:88e9de1f-a584-4513-9e80-6773f64ad499, AuthenticationType: BizAgi, AuthenticationSubType:None, Message: ValidateRequest: domain\admon, IP:127.0.0.1.
2020-11-29 16:17:36.159 None     INFO AUTHENTICATION------ SESSIONREQUEST------ Request ID:88e9de1f-a584-4513-9e80-6773f64ad499, AuthenticationType: BizAgi, AuthenticationSubType:None, Message: ValidateRequest: Authentication:true, User enable, domain\admon, IP:127.0.0.1.
2020-11-29 16:17:36.187 None     INFO AUTHENTICATION------ SESSIONREQUEST------ Request ID:dd982d9e-30d6-4955-b4f8-5964351f61bc, AuthenticationType: BizAgi, AuthenticationSubType:None, Message: ValidateRequest: domain\admon, IP:127.0.0.1.
2020-11-29 16:17:36.187 None     INFO AUTHENTICATION------ SESSIONREQUEST------ Request ID:dd982d9e-30d6-4955-b4f8-5964351f61bc, AuthenticationType: BizAgi, AuthenticationSubType:None, Message: ValidateRequest: Authentication:true, User enable, domain\admon, IP:127.0.0.1.
2020-11-29 16:17:36.359 None     INFO AUTHENTICATION------ SESSIONREQUEST------ Request ID:27e406c5-2414-47ba-88c3-702a9d8e421f, AuthenticationType: BizAgi, AuthenticationSubType:None, Message: ValidateRequest: domain\admon, IP:127.0.0.1.
2020-11-29 16:17:36.359 None     INFO AUTHENTICATION------ SESSIONREQUEST------ Request ID:27e406c5-2414-47ba-88c3-702a9d8e421f, AuthenticationType: BizAgi, AuthenticationSubType:None, Message: ValidateRequest: Authentication:true, User enable, domain\admon, IP:127.0.0.1.
2020-11-29 16:17:36.378 None     INFO AUTHENTICATION------ SESSIONREQUEST------ Request ID:88e9de1f-a584-4513-9e80-6773f64ad499, AuthenticationType: BizAgi, AuthenticationSubType:None, Message: ValidateRequest: domain\admon, IP:127.0.0.1.
2020-11-29 16:17:36.379 None     INFO AUTHENTICATION------ SESSIONREQUEST------ Request ID:88e9de1f-a584-4513-9e80-6773f64ad499, AuthenticationType: BizAgi, AuthenticationSubType:None, Message: ValidateRequest: Authentication:true, User enable, domain\admon, IP:127.0.0.1.
2020-11-29 16:17:36.392 None     INFO AUTHENTICATION------ SESSIONREQUEST------ Request ID:88e9de1f-a584-4513-9e80-6773f64ad499, AuthenticationType: BizAgi, AuthenticationSubType:None, Message: ValidateRequest: domain\admon, IP:127.0.0.1.
2020-11-29 16:17:36.393 None     INFO AUTHENTICATION------ SESSIONREQUEST------ Request ID:88e9de1f-a584-4513-9e80-6773f64ad499, AuthenticationType: BizAgi, AuthenticationSubType:None, Message: ValidateRequest: Authentication:true, User enable, domain\admon, IP:127.0.0.1.
2020-11-29 16:17:36.708 None     INFO AUTHENTICATION------ SESSIONREQUEST------ Request ID:774f2fac-d523-4980-a362-afdfd4d2ea38, AuthenticationType: BizAgi, AuthenticationSubType:None, Message: ValidateRequest: domain\admon, IP:127.0.0.1.
2020-11-29 16:17:36.708 None     INFO AUTHENTICATION------ SESSIONREQUEST------ Request ID:774f2fac-d523-4980-a362-afdfd4d2ea38, AuthenticationType: BizAgi, AuthenticationSubType:None, Message: ValidateRequest: Authentication:true, User enable, domain\admon, IP:127.0.0.1.
2020-11-29 16:17:36.709 None     INFO AUTHENTICATION------ SESSIONREQUEST------ Request ID:bab3842f-e88b-4470-9e03-72f29be40d7a, AuthenticationType: BizAgi, AuthenticationSubType:None, Message: ValidateRequest: domain\admon, IP:127.0.0.1.
2020-11-29 16:17:36.709 None     INFO AUTHENTICATION------ SESSIONREQUEST------ Request ID:bab3842f-e88b-4470-9e03-72f29be40d7a, AuthenticationType: BizAgi, AuthenticationSubType:None, Message: ValidateRequest: Authentication:true, User enable, domain\admon, IP:127.0.0.1.
2020-11-29 16:17:36.725 None     INFO AUTHENTICATION------ SESSIONREQUEST------ Request ID:b60342e8-6dcc-4e21-8e1f-8ec398e41336, AuthenticationType: BizAgi, AuthenticationSubType:None, Message: ValidateRequest: domain\admon, IP:127.0.0.1.
2020-11-29 16:17:36.725 None     INFO AUTHENTICATION------ SESSIONREQUEST------ Request ID:b60342e8-6dcc-4e21-8e1f-8ec398e41336, AuthenticationType: BizAgi, AuthenticationSubType:None, Message: ValidateRequest: Authentication:true, User enable, domain\admon, IP:127.0.0.1.
2020-11-29 16:17:37.716 None     INFO AUTHENTICATION------ SESSIONREQUEST------ Request ID:9154fe2d-c0a9-4491-ad6c-490411745648, AuthenticationType: BizAgi, AuthenticationSubType:None, Message: ValidateRequest: domain\admon, IP:127.0.0.1.
2020-11-29 16:17:37.716 None     INFO AUTHENTICATION------ SESSIONREQUEST------ Request ID:9154fe2d-c0a9-4491-ad6c-490411745648, AuthenticationType: BizAgi, AuthenticationSubType:None, Message: ValidateRequest: Authentication:true, User enable, domain\admon, IP:127.0.0.1.
2020-11-29 16:17:37.716 None     INFO AUTHENTICATION------ SESSIONREQUEST------ Request ID:7dd42439-8d9a-4dcc-b1fe-4a3c70bd56cf, AuthenticationType: BizAgi, AuthenticationSubType:None, Message: ValidateRequest: domain\admon, IP:127.0.0.1.
2020-11-29 16:17:37.716 None     INFO AUTHENTICATION------ SESSIONREQUEST------ Request ID:7dd42439-8d9a-4dcc-b1fe-4a3c70bd56cf, AuthenticationType: BizAgi, AuthenticationSubType:None, Message: ValidateRequest: Authentication:true, User enable, domain\admon, IP:127.0.0.1.
2020-11-29 16:17:37.732 None     INFO AUTHENTICATION------ SESSIONREQUEST------ Request ID:5543db11-09c7-4809-b096-db766d980e4c, AuthenticationType: BizAgi, AuthenticationSubType:None, Message: ValidateRequest: domain\admon, IP:127.0.0.1.
2020-11-29 16:17:37.732 None     INFO AUTHENTICATION------ SESSIONREQUEST------ Request ID:5543db11-09c7-4809-b096-db766d980e4c, AuthenticationType: BizAgi, AuthenticationSubType:None, Message: ValidateRequest: Authentication:true, User enable, domain\admon, IP:127.0.0.1.
2020-11-29 16:17:37.748 None     INFO AUTHENTICATION------ SESSIONREQUEST------ Request ID:a5e8c26a-cb10-42b4-84d7-52bef1871826, AuthenticationType: BizAgi, AuthenticationSubType:None, Message: ValidateRequest: domain\admon, IP:127.0.0.1.
2020-11-29 16:17:37.748 None     INFO AUTHENTICATION------ SESSIONREQUEST------ Request ID:ce6cd2af-cb42-466c-b3fc-973d484cd86e, AuthenticationType: BizAgi, AuthenticationSubType:None, Message: ValidateRequest: domain\admon, IP:127.0.0.1.
2020-11-29 16:17:37.748 None     INFO AUTHENTICATION------ SESSIONREQUEST------ Request ID:eb09e313-a447-4479-a5e2-587ecf1a9517, AuthenticationType: BizAgi, AuthenticationSubType:None, Message: ValidateRequest: domain\admon, IP:127.0.0.1.
2020-11-29 16:17:37.748 None     INFO AUTHENTICATION------ SESSIONREQUEST------ Request ID:a5e8c26a-cb10-42b4-84d7-52bef1871826, AuthenticationType: BizAgi, AuthenticationSubType:None, Message: ValidateRequest: Authentication:true, User enable, domain\admon, IP:127.0.0.1.
2020-11-29 16:17:37.748 None     INFO AUTHENTICATION------ SESSIONREQUEST------ Request ID:ce6cd2af-cb42-466c-b3fc-973d484cd86e, AuthenticationType: BizAgi, AuthenticationSubType:None, Message: ValidateRequest: Authentication:true, User enable, domain\admon, IP:127.0.0.1.
2020-11-29 16:17:37.748 None     INFO AUTHENTICATION------ SESSIONREQUEST------ Request ID:eb09e313-a447-4479-a5e2-587ecf1a9517, AuthenticationType: BizAgi, AuthenticationSubType:None, Message: ValidateRequest: Authentication:true, User enable, domain\admon, IP:127.0.0.1.
2020-11-29 16:17:37.748 None     INFO AUTHENTICATION------ SESSIONREQUEST------ Request ID:a213a48b-9753-48f1-9c95-1c57e3790116, AuthenticationType: BizAgi, AuthenticationSubType:None, Message: ValidateRequest: domain\admon, IP:127.0.0.1.
2020-11-29 16:17:37.748 None     INFO AUTHENTICATION------ SESSIONREQUEST------ Request ID:a213a48b-9753-48f1-9c95-1c57e3790116, AuthenticationType: BizAgi, AuthenticationSubType:None, Message: ValidateRequest: Authentication:true, User enable, domain\admon, IP:127.0.0.1.
2020-11-29 16:17:44.590 None     INFO AUTHENTICATION------ SESSIONREQUEST------ Request ID:f9284224-b641-4011-930f-da834647789f, AuthenticationType: BizAgi, AuthenticationSubType:None, Message: ValidateRequest: domain\admon, IP:127.0.0.1.
2020-11-29 16:17:44.590 None     INFO AUTHENTICATION------ SESSIONREQUEST------ Request ID:2ba1e95e-b896-4f9b-8e28-86bce3914a01, AuthenticationType: BizAgi, AuthenticationSubType:None, Message: ValidateRequest: domain\admon, IP:127.0.0.1.
2020-11-29 16:17:44.590 None     INFO AUTHENTICATION------ SESSIONREQUEST------ Request ID:f9284224-b641-4011-930f-da834647789f, AuthenticationType: BizAgi, AuthenticationSubType:None, Message: ValidateRequest: Authentication:true, User enable, domain\admon, IP:127.0.0.1.
2020-11-29 16:17:44.590 None     INFO AUTHENTICATION------ SESSIONREQUEST------ Request ID:2ba1e95e-b896-4f9b-8e28-86bce3914a01, AuthenticationType: BizAgi, AuthenticationSubType:None, Message: ValidateRequest: Authentication:true, User enable, domain\admon, IP:127.0.0.1.
2020-11-29 16:17:44.590 None     INFO AUTHENTICATION------ SESSIONREQUEST------ Request ID:be839fac-0407-45cd-a5cd-8a9ec685a607, AuthenticationType: BizAgi, AuthenticationSubType:None, Message: ValidateRequest: domain\admon, IP:127.0.0.1.
2020-11-29 16:17:44.590 None     INFO AUTHENTICATION------ SESSIONREQUEST------ Request ID:be839fac-0407-45cd-a5cd-8a9ec685a607, AuthenticationType: BizAgi, AuthenticationSubType:None, Message: ValidateRequest: Authentication:true, User enable, domain\admon, IP:127.0.0.1.
2020-11-29 16:17:56.788 None     INFO AUTHENTICATION------ SESSIONREQUEST------ Request ID:54411ca9-eba7-4139-8d57-aedff305661e, AuthenticationType: BizAgi, AuthenticationSubType:None, Message: ValidateRequest: domain\admon, IP:127.0.0.1.
2020-11-29 16:17:56.788 None     INFO AUTHENTICATION------ SESSIONREQUEST------ Request ID:54411ca9-eba7-4139-8d57-aedff305661e, AuthenticationType: BizAgi, AuthenticationSubType:None, Message: ValidateRequest: Authentication:true, User enable, domain\admon, IP:127.0.0.1.
2020-11-29 16:17:56.804 None     INFO AUTHENTICATION------ SESSIONREQUEST------ Request ID:52c6907a-9575-4bca-a31f-bc3f2b0efd16, AuthenticationType: BizAgi, AuthenticationSubType:None, Message: ValidateRequest: domain\admon, IP:127.0.0.1.
2020-11-29 16:17:56.804 None     INFO AUTHENTICATION------ SESSIONREQUEST------ Request ID:52c6907a-9575-4bca-a31f-bc3f2b0efd16, AuthenticationType: BizAgi, AuthenticationSubType:None, Message: ValidateRequest: Authentication:true, User enable, domain\admon, IP:127.0.0.1.
2020-11-29 16:17:56.819 None     INFO AUTHENTICATION------ SESSIONREQUEST------ Request ID:5be9bcc0-c47f-4bff-995f-37e524e8720c, AuthenticationType: BizAgi, AuthenticationSubType:None, Message: ValidateRequest: domain\admon, IP:127.0.0.1.
2020-11-29 16:17:56.819 None     INFO AUTHENTICATION------ SESSIONREQUEST------ Request ID:5be9bcc0-c47f-4bff-995f-37e524e8720c, AuthenticationType: BizAgi, AuthenticationSubType:None, Message: ValidateRequest: Authentication:true, User enable, domain\admon, IP:127.0.0.1.
2020-11-29 16:17:56.826 None     INFO AUTHENTICATION------ SESSIONREQUEST------ Request ID:96060f88-77d2-4ea7-af3b-cc295ce0783a, AuthenticationType: BizAgi, AuthenticationSubType:None, Message: ValidateRequest: domain\admon, IP:127.0.0.1.
2020-11-29 16:17:56.826 None     INFO AUTHENTICATION------ SESSIONREQUEST------ Request ID:96060f88-77d2-4ea7-af3b-cc295ce0783a, AuthenticationType: BizAgi, AuthenticationSubType:None, Message: ValidateRequest: Authentication:true, User enable, domain\admon, IP:127.0.0.1.
2020-11-29 16:17:57.675 None     INFO AUTHENTICATION------ SESSIONREQUEST------ Request ID:3c3fc71b-2219-461c-829b-1ce169fc8f6d, AuthenticationType: BizAgi, AuthenticationSubType:None, Message: ValidateRequest: domain\admon, IP:127.0.0.1.
2020-11-29 16:17:57.675 None     INFO AUTHENTICATION------ SESSIONREQUEST------ Request ID:3c3fc71b-2219-461c-829b-1ce169fc8f6d, AuthenticationType: BizAgi, AuthenticationSubType:None, Message: ValidateRequest: Authentication:true, User enable, domain\admon, IP:127.0.0.1.
2020-11-29 16:18:00.769 None     INFO AUTHENTICATION------ SESSIONREQUEST------ Request ID:1075c2a1-a736-45a1-a8a9-c8ad555bbfa8, AuthenticationType: BizAgi, AuthenticationSubType:None, Message: ValidateRequest: domain\admon, IP:127.0.0.1.
2020-11-29 16:18:00.769 None     INFO AUTHENTICATION------ SESSIONREQUEST------ Request ID:1075c2a1-a736-45a1-a8a9-c8ad555bbfa8, AuthenticationType: BizAgi, AuthenticationSubType:None, Message: ValidateRequest: Authentication:true, User enable, domain\admon, IP:127.0.0.1.
2020-11-29 16:18:00.769 None     INFO AUTHENTICATION------ SESSIONREQUEST------ Request ID:fbf88339-90c6-4dc4-a89e-f685117dbe55, AuthenticationType: BizAgi, AuthenticationSubType:None, Message: ValidateRequest: domain\admon, IP:127.0.0.1.
2020-11-29 16:18:00.769 None     INFO AUTHENTICATION------ SESSIONREQUEST------ Request ID:fbf88339-90c6-4dc4-a89e-f685117dbe55, AuthenticationType: BizAgi, AuthenticationSubType:None, Message: ValidateRequest: Authentication:true, User enable, domain\admon, IP:127.0.0.1.
2020-11-29 16:18:00.784 None     INFO AUTHENTICATION------ SESSIONREQUEST------ Request ID:60d6c219-f683-4623-ba59-7cd19a680f34, AuthenticationType: BizAgi, AuthenticationSubType:None, Message: ValidateRequest: domain\admon, IP:127.0.0.1.
2020-11-29 16:18:00.784 None     INFO AUTHENTICATION------ SESSIONREQUEST------ Request ID:60d6c219-f683-4623-ba59-7cd19a680f34, AuthenticationType: BizAgi, AuthenticationSubType:None, Message: ValidateRequest: Authentication:true, User enable, domain\admon, IP:127.0.0.1.
2020-11-29 16:18:00.815 None     INFO AUTHENTICATION------ SESSIONREQUEST------ Request ID:8ae5d146-abea-4904-8d0c-62addeac3a4b, AuthenticationType: BizAgi, AuthenticationSubType:None, Message: ValidateRequest: domain\admon, IP:127.0.0.1.
2020-11-29 16:18:00.815 None     INFO AUTHENTICATION------ SESSIONREQUEST------ Request ID:8ae5d146-abea-4904-8d0c-62addeac3a4b, AuthenticationType: BizAgi, AuthenticationSubType:None, Message: ValidateRequest: Authentication:true, User enable, domain\admon, IP:127.0.0.1.
2020-11-29 16:18:00.916 None     INFO AUTHENTICATION------ SESSIONREQUEST------ Request ID:6fd25241-7194-46e3-a6cc-345f1f8327f2, AuthenticationType: BizAgi, AuthenticationSubType:None, Message: ValidateRequest: domain\admon, IP:127.0.0.1.
2020-11-29 16:18:00.916 None     INFO AUTHENTICATION------ SESSIONREQUEST------ Request ID:6fd25241-7194-46e3-a6cc-345f1f8327f2, AuthenticationType: BizAgi, AuthenticationSubType:None, Message: ValidateRequest: Authentication:true, User enable, domain\admon, IP:127.0.0.1.
2020-11-29 16:18:00.916 None     INFO AUTHENTICATION------ SESSIONREQUEST------ Request ID:6fd25241-7194-46e3-a6cc-345f1f8327f2, AuthenticationType: BizAgi, AuthenticationSubType:None, Message: ValidateRequest: domain\admon, IP:127.0.0.1.
2020-11-29 16:18:00.916 None     INFO AUTHENTICATION------ SESSIONREQUEST------ Request ID:6fd25241-7194-46e3-a6cc-345f1f8327f2, AuthenticationType: BizAgi, AuthenticationSubType:None, Message: ValidateRequest: Authentication:true, User enable, domain\admon, IP:127.0.0.1.
2020-11-29 16:18:00.916 None     INFO AUTHENTICATION------ SESSIONREQUEST------ Request ID:6fd25241-7194-46e3-a6cc-345f1f8327f2, AuthenticationType: BizAgi, AuthenticationSubType:None, Message: ValidateRequest: domain\admon, IP:127.0.0.1.
2020-11-29 16:18:00.916 None     INFO AUTHENTICATION------ SESSIONREQUEST------ Request ID:6fd25241-7194-46e3-a6cc-345f1f8327f2, AuthenticationType: BizAgi, AuthenticationSubType:None, Message: ValidateRequest: Authentication:true, User enable, domain\admon, IP:127.0.0.1.
2020-11-29 16:18:02.589 None     INFO AUTHENTICATION------ SESSIONREQUEST------ Request ID:6d79e40d-1ecb-49d7-ac89-5627e548d4e9, AuthenticationType: BizAgi, AuthenticationSubType:None, Message: ValidateRequest: domain\admon, IP:127.0.0.1.
2020-11-29 16:18:02.589 None     INFO AUTHENTICATION------ SESSIONREQUEST------ Request ID:6d79e40d-1ecb-49d7-ac89-5627e548d4e9, AuthenticationType: BizAgi, AuthenticationSubType:None, Message: ValidateRequest: Authentication:true, User enable, domain\admon, IP:127.0.0.1.
2020-11-29 16:18:02.589 None     INFO AUTHENTICATION------ SESSIONREQUEST------ Request ID:6d79e40d-1ecb-49d7-ac89-5627e548d4e9, AuthenticationType: BizAgi, AuthenticationSubType:None, Message: ValidateRequest: domain\admon, IP:127.0.0.1.
2020-11-29 16:18:02.589 None     INFO AUTHENTICATION------ SESSIONREQUEST------ Request ID:6d79e40d-1ecb-49d7-ac89-5627e548d4e9, AuthenticationType: BizAgi, AuthenticationSubType:None, Message: ValidateRequest: Authentication:true, User enable, domain\admon, IP:127.0.0.1.
2020-11-29 16:18:02.589 None     INFO AUTHENTICATION------ SESSIONREQUEST------ Request ID:6d79e40d-1ecb-49d7-ac89-5627e548d4e9, AuthenticationType: BizAgi, AuthenticationSubType:None, Message: ValidateRequest: domain\admon, IP:127.0.0.1.
2020-11-29 16:18:02.589 None     INFO AUTHENTICATION------ SESSIONREQUEST------ Request ID:6d79e40d-1ecb-49d7-ac89-5627e548d4e9, AuthenticationType: BizAgi, AuthenticationSubType:None, Message: ValidateRequest: Authentication:true, User enable, domain\admon, IP:127.0.0.1.
2020-11-29 16:18:02.636 None     INFO WORKFLOW------------ -------------------- BEGIN: Create Process Instance
2020-11-29 16:18:02.636 None     INFO WORKFLOW------------ --------------------  Begin transaction
2020-11-29 16:18:02.636 None     INFO WORKFLOW------------ --------------------  Get Process Definition
2020-11-29 16:18:02.836 None     INFO WORKFLOW------------ --------------------  Create Process: 1951
2020-11-29 16:18:02.836 None     INFO WORKFLOW------------ --------------------  Set case scope checkPoint
2020-11-29 16:18:03.021 None     INFO WORKFLOW------------ --------------------  BEGIN: Executing task id=8 Name=Beteg berkezse DisplayName=Beteg berkezse on EventTypeOnEnter
2020-11-29 16:18:03.090 None     INFO RULES--------------- --------------------   START EXECUTING RULE True, ID 1000
2020-11-29 16:18:03.090 None     INFO RULES--------------- --------------------   END EXECUTING RULE True, ID 1000
2020-11-29 16:18:03.090 None     INFO WORKFLOW------------ --------------------   Executing transition id=4 Name=Element_1 DisplayName=
2020-11-29 16:18:03.106 None     INFO WORKFLOW------------ --------------------   BEGIN: Executing task id=8 Name=Beteg berkezse DisplayName=Beteg berkezse on EventTypeOnExit
2020-11-29 16:18:03.122 None     INFO WORKFLOW------------ --------------------   END
2020-11-29 16:18:03.360 None     INFO WORKFLOW------------ --------------------  END
2020-11-29 16:18:03.360 None     INFO WORKFLOW------------ --------------------  Commit data
2020-11-29 16:18:03.422 None     INFO WORKFLOW------------ --------------------  Commit transaction
2020-11-29 16:18:03.476 None     INFO WORKFLOW------------ -------------------- END
2020-11-29 16:18:03.492 None     INFO AUTHENTICATION------ SESSIONREQUEST------ Request ID:9775294b-312a-454f-9b12-2e7f8d90f55d, AuthenticationType: BizAgi, AuthenticationSubType:None, Message: ValidateRequest: domain\admon, IP:127.0.0.1.
2020-11-29 16:18:03.492 None     INFO AUTHENTICATION------ SESSIONREQUEST------ Request ID:9775294b-312a-454f-9b12-2e7f8d90f55d, AuthenticationType: BizAgi, AuthenticationSubType:None, Message: ValidateRequest: Authentication:true, User enable, domain\admon, IP:127.0.0.1.
2020-11-29 16:18:03.507 None     INFO AUTHENTICATION------ SESSIONREQUEST------ Request ID:2aa29dba-5e6e-4f76-8fa8-70c8db5c8a37, AuthenticationType: BizAgi, AuthenticationSubType:None, Message: ValidateRequest: domain\admon, IP:127.0.0.1.
2020-11-29 16:18:03.507 None     INFO AUTHENTICATION------ SESSIONREQUEST------ Request ID:2aa29dba-5e6e-4f76-8fa8-70c8db5c8a37, AuthenticationType: BizAgi, AuthenticationSubType:None, Message: ValidateRequest: Authentication:true, User enable, domain\admon, IP:127.0.0.1.
2020-11-29 16:18:03.545 None     INFO AUTHENTICATION------ SESSIONREQUEST------ Request ID:42e28a3d-12ca-422d-83b5-72f070803fe3, AuthenticationType: BizAgi, AuthenticationSubType:None, Message: ValidateRequest: domain\admon, IP:127.0.0.1.
2020-11-29 16:18:03.545 None     INFO AUTHENTICATION------ SESSIONREQUEST------ Request ID:42e28a3d-12ca-422d-83b5-72f070803fe3, AuthenticationType: BizAgi, AuthenticationSubType:None, Message: ValidateRequest: Authentication:true, User enable, domain\admon, IP:127.0.0.1.
2020-11-29 16:18:03.545 None     INFO AUTHENTICATION------ SESSIONREQUEST------ Request ID:a5f4a0f2-35fb-47cf-9779-530017ea8a5d, AuthenticationType: BizAgi, AuthenticationSubType:None, Message: ValidateRequest: domain\admon, IP:127.0.0.1.
2020-11-29 16:18:03.545 None     INFO AUTHENTICATION------ SESSIONREQUEST------ Request ID:a5f4a0f2-35fb-47cf-9779-530017ea8a5d, AuthenticationType: BizAgi, AuthenticationSubType:None, Message: ValidateRequest: Authentication:true, User enable, domain\admon, IP:127.0.0.1.
2020-11-29 16:18:03.592 None     INFO AUTHENTICATION------ SESSIONREQUEST------ Request ID:44097438-bda9-41b0-8989-09afcea68190, AuthenticationType: BizAgi, AuthenticationSubType:None, Message: ValidateRequest: domain\admon, IP:127.0.0.1.
2020-11-29 16:18:03.592 None     INFO AUTHENTICATION------ SESSIONREQUEST------ Request ID:44097438-bda9-41b0-8989-09afcea68190, AuthenticationType: BizAgi, AuthenticationSubType:None, Message: ValidateRequest: Authentication:true, User enable, domain\admon, IP:127.0.0.1.
2020-11-29 16:18:03.661 None     INFO AUTHENTICATION------ SESSIONREQUEST------ Request ID:11c02574-a37e-45e2-b34f-823970d81ca5, AuthenticationType: BizAgi, AuthenticationSubType:None, Message: ValidateRequest: domain\admon, IP:127.0.0.1.
2020-11-29 16:18:03.661 None     INFO AUTHENTICATION------ SESSIONREQUEST------ Request ID:11c02574-a37e-45e2-b34f-823970d81ca5, AuthenticationType: BizAgi, AuthenticationSubType:None, Message: ValidateRequest: Authentication:true, User enable, domain\admon, IP:127.0.0.1.
2020-11-29 16:18:03.661 None     INFO AUTHENTICATION------ SESSIONREQUEST------ Request ID:11c02574-a37e-45e2-b34f-823970d81ca5, AuthenticationType: BizAgi, AuthenticationSubType:None, Message: ValidateRequest: domain\admon, IP:127.0.0.1.
2020-11-29 16:18:03.661 None     INFO AUTHENTICATION------ SESSIONREQUEST------ Request ID:11c02574-a37e-45e2-b34f-823970d81ca5, AuthenticationType: BizAgi, AuthenticationSubType:None, Message: ValidateRequest: Authentication:true, User enable, domain\admon, IP:127.0.0.1.
2020-11-29 16:18:03.661 None     INFO AUTHENTICATION------ SESSIONREQUEST------ Request ID:11c02574-a37e-45e2-b34f-823970d81ca5, AuthenticationType: BizAgi, AuthenticationSubType:None, Message: ValidateRequest: domain\admon, IP:127.0.0.1.
2020-11-29 16:18:03.661 None     INFO AUTHENTICATION------ SESSIONREQUEST------ Request ID:11c02574-a37e-45e2-b34f-823970d81ca5, AuthenticationType: BizAgi, AuthenticationSubType:None, Message: ValidateRequest: Authentication:true, User enable, domain\admon, IP:127.0.0.1.
2020-11-29 16:18:03.692 None     INFO AUTHENTICATION------ SESSIONREQUEST------ Request ID:1c8e36c9-c079-4237-92f0-3e4b8b4ece90, AuthenticationType: BizAgi, AuthenticationSubType:None, Message: ValidateRequest: domain\admon, IP:127.0.0.1.
2020-11-29 16:18:03.745 None     INFO AUTHENTICATION------ SESSIONREQUEST------ Request ID:1c8e36c9-c079-4237-92f0-3e4b8b4ece90, AuthenticationType: BizAgi, AuthenticationSubType:None, Message: ValidateRequest: Authentication:true, User enable, domain\admon, IP:127.0.0.1.
2020-11-29 16:18:03.761 None     INFO AUTHENTICATION------ SESSIONREQUEST------ Request ID:f0c789af-f2b7-4c27-b408-f2c95e6b6e02, AuthenticationType: BizAgi, AuthenticationSubType:None, Message: ValidateRequest: domain\admon, IP:127.0.0.1.
2020-11-29 16:18:03.761 None     INFO AUTHENTICATION------ SESSIONREQUEST------ Request ID:f0c789af-f2b7-4c27-b408-f2c95e6b6e02, AuthenticationType: BizAgi, AuthenticationSubType:None, Message: ValidateRequest: Authentication:true, User enable, domain\admon, IP:127.0.0.1.
2020-11-29 16:18:03.777 None     INFO AUTHENTICATION------ SESSIONREQUEST------ Request ID:5f19e1f7-c0c7-4ea0-81b5-6e6f43497099, AuthenticationType: BizAgi, AuthenticationSubType:None, Message: ValidateRequest: domain\admon, IP:127.0.0.1.
2020-11-29 16:18:03.777 None     INFO AUTHENTICATION------ SESSIONREQUEST------ Request ID:5f19e1f7-c0c7-4ea0-81b5-6e6f43497099, AuthenticationType: BizAgi, AuthenticationSubType:None, Message: ValidateRequest: Authentication:true, User enable, domain\admon, IP:127.0.0.1.
2020-11-29 16:18:03.777 None     INFO AUTHENTICATION------ SESSIONREQUEST------ Request ID:9513366b-92b8-4ae6-a4e4-54942d311276, AuthenticationType: BizAgi, AuthenticationSubType:None, Message: ValidateRequest: domain\admon, IP:127.0.0.1.
2020-11-29 16:18:03.777 None     INFO AUTHENTICATION------ SESSIONREQUEST------ Request ID:9513366b-92b8-4ae6-a4e4-54942d311276, AuthenticationType: BizAgi, AuthenticationSubType:None, Message: ValidateRequest: Authentication:true, User enable, domain\admon, IP:127.0.0.1.
2020-11-29 16:18:03.792 None     INFO AUTHENTICATION------ SESSIONREQUEST------ Request ID:75810196-0377-49e1-b4fb-d63c00a2cae0, AuthenticationType: BizAgi, AuthenticationSubType:None, Message: ValidateRequest: domain\admon, IP:127.0.0.1.
2020-11-29 16:18:03.792 None     INFO AUTHENTICATION------ SESSIONREQUEST------ Request ID:75810196-0377-49e1-b4fb-d63c00a2cae0, AuthenticationType: BizAgi, AuthenticationSubType:None, Message: ValidateRequest: Authentication:true, User enable, domain\admon, IP:127.0.0.1.
2020-11-29 16:18:09.093 None     INFO AUTHENTICATION------ SESSIONREQUEST------ Request ID:1191e28b-661a-42d4-92cc-4391f39b1d7f, AuthenticationType: BizAgi, AuthenticationSubType:None, Message: ValidateRequest: domain\admon, IP:127.0.0.1.
2020-11-29 16:18:09.093 None     INFO AUTHENTICATION------ SESSIONREQUEST------ Request ID:1191e28b-661a-42d4-92cc-4391f39b1d7f, AuthenticationType: BizAgi, AuthenticationSubType:None, Message: ValidateRequest: Authentication:true, User enable, domain\admon, IP:127.0.0.1.
2020-11-29 16:18:09.093 None     INFO AUTHENTICATION------ SESSIONREQUEST------ Request ID:1191e28b-661a-42d4-92cc-4391f39b1d7f, AuthenticationType: BizAgi, AuthenticationSubType:None, Message: ValidateRequest: domain\admon, IP:127.0.0.1.
2020-11-29 16:18:09.093 None     INFO AUTHENTICATION------ SESSIONREQUEST------ Request ID:1191e28b-661a-42d4-92cc-4391f39b1d7f, AuthenticationType: BizAgi, AuthenticationSubType:None, Message: ValidateRequest: Authentication:true, User enable, domain\admon, IP:127.0.0.1.
2020-11-29 16:18:09.093 None     INFO AUTHENTICATION------ SESSIONREQUEST------ Request ID:1191e28b-661a-42d4-92cc-4391f39b1d7f, AuthenticationType: BizAgi, AuthenticationSubType:None, Message: ValidateRequest: domain\admon, IP:127.0.0.1.
2020-11-29 16:18:09.093 None     INFO AUTHENTICATION------ SESSIONREQUEST------ Request ID:1191e28b-661a-42d4-92cc-4391f39b1d7f, AuthenticationType: BizAgi, AuthenticationSubType:None, Message: ValidateRequest: Authentication:true, User enable, domain\admon, IP:127.0.0.1.
2020-11-29 16:18:09.324 None     INFO WORKFLOW------------ -------------------- BEGIN: CWorkflowManager.internal_doWorkItemById :: WorkItemId=3352 - ProcId=1951 - User=-1
2020-11-29 16:18:09.324 None     INFO WORKFLOW------------ --------------------  internal_doWorkItemById :: preOperationLoad
2020-11-29 16:18:09.324 None     INFO WORKFLOW------------ --------------------  internal_doWorkItemById :: beginTransaction
2020-11-29 16:18:09.324 None     INFO WORKFLOW------------ --------------------  internal_doWorkItemById :: CProcessManager.getProcessInstance
2020-11-29 16:18:09.324 None     INFO WORKFLOW------------ --------------------  internal_doWorkItemById :: checkForProcessActivation
2020-11-29 16:18:09.340 None     INFO WORKFLOW------------ --------------------  internal_doWorkItemById :: process.persistProcess
2020-11-29 16:18:09.340 None     INFO WORKFLOW------------ --------------------  internal_doWorkItemById :: process.ProcessState=Running
2020-11-29 16:18:09.340 None     INFO WORKFLOW------------ --------------------  internal_doWorkItemById :: process.doWorkItemById(idWorkitem, appEntity, alTransitionIds)
2020-11-29 16:18:09.340 None     INFO WORKFLOW------------ --------------------  activating workitem
2020-11-29 16:18:09.340 None     INFO RULES--------------- --------------------  START EXECUTING RULE True, ID 1000
2020-11-29 16:18:09.355 None     INFO RULES--------------- --------------------  END EXECUTING RULE True, ID 1000
2020-11-29 16:18:09.355 None     INFO WORKFLOW------------ --------------------  Executing transition id=41 Name=Element_24 DisplayName=
2020-11-29 16:18:09.524 None     INFO WORKFLOW------------ --------------------  internal_doWorkItemById :: postOperationSave
2020-11-29 16:18:09.524 None     INFO WORKFLOW------------ --------------------  internal_doWorkItemById :: commitTransaction
2020-11-29 16:18:09.540 None     INFO WORKFLOW------------ -------------------- END
2020-11-29 16:18:09.555 None     INFO AUTHENTICATION------ SESSIONREQUEST------ Request ID:3ef3ca66-25f5-429c-806f-b49b7b4665bc, AuthenticationType: BizAgi, AuthenticationSubType:None, Message: ValidateRequest: domain\admon, IP:127.0.0.1.
2020-11-29 16:18:09.555 None     INFO AUTHENTICATION------ SESSIONREQUEST------ Request ID:3ef3ca66-25f5-429c-806f-b49b7b4665bc, AuthenticationType: BizAgi, AuthenticationSubType:None, Message: ValidateRequest: Authentication:true, User enable, domain\admon, IP:127.0.0.1.
2020-11-29 16:18:09.562 None     INFO RULES--------------- -------------------- START EXECUTING RULE True, ID 1000
2020-11-29 16:18:09.562 None     INFO RULES--------------- -------------------- END EXECUTING RULE True, ID 1000
2020-11-29 16:18:09.562 None     INFO WORKFLOW------------ -------------------- Executing transition id=49 Name=Element_30 DisplayName=
2020-11-29 16:18:09.609 None     INFO AUTHENTICATION------ SESSIONREQUEST------ Request ID:18d74149-c32f-4714-b3d6-4e156c5992f6, AuthenticationType: BizAgi, AuthenticationSubType:None, Message: ValidateRequest: domain\admon, IP:127.0.0.1.
2020-11-29 16:18:09.609 None     INFO AUTHENTICATION------ SESSIONREQUEST------ Request ID:18d74149-c32f-4714-b3d6-4e156c5992f6, AuthenticationType: BizAgi, AuthenticationSubType:None, Message: ValidateRequest: Authentication:true, User enable, domain\admon, IP:127.0.0.1.
2020-11-29 16:18:09.793 None     INFO CONNECTORS---------- INTERFACES---------- Bizagi SOA Request Mapping
2020-11-29 16:18:09.840 None     INFO CONNECTORS---------- INTERFACES---------- Bizagi SOA Request
2020-11-29 16:18:09.894 None     INFO CONNECTORS---------- INTERFACES---------- Bizagi SOA Request Transformed
2020-11-29 16:18:10.242 None     INFO CONNECTORS---------- INTERFACES---------- Bizagi SOA Response Mapping
2020-11-29 16:18:10.249 None     INFO CONNECTORS---------- INTERFACES---------- Bizagi SOA Response
2020-11-29 16:18:10.285 None     INFO CONNECTORS---------- INTERFACES---------- Bizagi SOA Response Transformed
2020-11-29 16:18:10.327 None     INFO WORKFLOW------------ -------------------- BEGIN: Executing task id=52 Name=Gateway_1 DisplayName=Adatbzisban szerepel-e? on EventTypeOnEnter
2020-11-29 16:18:10.464 None     INFO RULES--------------- --------------------  BEGIN: Policy Name=BOOLEANEXPRESSION
2020-11-29 16:18:10.464 None     INFO RULES--------------- --------------------   Start Time:11/29/2020 4:18:10 PM
2020-11-29 16:18:10.464 None     INFO RULES--------------- --------------------   [Evaluating Boolean Expression 0 - BoolExp13738]
2020-11-29 16:18:10.464 None     INFO RULES--------------- --------------------   	Evaluating conditions with AND
2020-11-29 16:18:10.479 None     INFO RULES--------------- --------------------   		Evaluating Operator is empty with the following parameters:
2020-11-29 16:18:10.479 None     INFO RULES--------------- --------------------   		Parameter 0 --> [EKG_QRS_BPM.Betegadatok.Nev] --> [Dzsa Gyrgyn]
2020-11-29 16:18:10.479 None     INFO RULES--------------- --------------------   		Condition <EKG_QRS_BPM.Betegadatok.Nev is empty> result is FALSE
2020-11-29 16:18:10.479 None     INFO RULES--------------- --------------------   Chrono Summary
2020-11-29 16:18:10.479 None     INFO RULES--------------- --------------------  END
2020-11-29 16:18:10.479 None     INFO RULES--------------- --------------------  BEGIN: Policy Name=BOOLEANEXPRESSION
2020-11-29 16:18:10.479 None     INFO RULES--------------- --------------------   Start Time:11/29/2020 4:18:10 PM
2020-11-29 16:18:10.479 None     INFO RULES--------------- --------------------   [Evaluating Boolean Expression 0 - BoolExp67978]
2020-11-29 16:18:10.479 None     INFO RULES--------------- --------------------   	Evaluating conditions with AND
2020-11-29 16:18:10.479 None     INFO RULES--------------- --------------------   		Evaluating Operator is not empty with the following parameters:
2020-11-29 16:18:10.479 None     INFO RULES--------------- --------------------   		Parameter 0 --> [EKG_QRS_BPM.Betegadatok.Nev] --> [Dzsa Gyrgyn]
2020-11-29 16:18:10.479 None     INFO RULES--------------- --------------------   		Condition <EKG_QRS_BPM.Betegadatok.Nev is not empty> result is TRUE
2020-11-29 16:18:10.479 None     INFO RULES--------------- --------------------   Chrono Summary
2020-11-29 16:18:10.479 None     INFO RULES--------------- --------------------  END
2020-11-29 16:18:10.479 None     INFO WORKFLOW------------ --------------------  Executing transition id=48 Name=Element_31 DisplayName=igen
2020-11-29 16:18:10.479 None     INFO WORKFLOW------------ --------------------  BEGIN: Executing task id=52 Name=Gateway_1 DisplayName=Adatbzisban szerepel-e? on EventTypeOnExit
2020-11-29 16:18:10.479 None     INFO WORKFLOW------------ --------------------  END
2020-11-29 16:18:10.511 None     INFO WORKFLOW------------ -------------------- END
2020-11-29 16:18:12.671 None     INFO AUTHENTICATION------ SESSIONREQUEST------ Request ID:87dbdd65-9d2d-494d-a5d9-d0461218d81a, AuthenticationType: BizAgi, AuthenticationSubType:None, Message: ValidateRequest: domain\admon, IP:127.0.0.1.
2020-11-29 16:18:12.671 None     INFO AUTHENTICATION------ SESSIONREQUEST------ Request ID:87dbdd65-9d2d-494d-a5d9-d0461218d81a, AuthenticationType: BizAgi, AuthenticationSubType:None, Message: ValidateRequest: Authentication:true, User enable, domain\admon, IP:127.0.0.1.
2020-11-29 16:18:12.686 None     INFO AUTHENTICATION------ SESSIONREQUEST------ Request ID:09c41fae-5521-4191-9da8-697cd2326c1b, AuthenticationType: BizAgi, AuthenticationSubType:None, Message: ValidateRequest: domain\admon, IP:127.0.0.1.
2020-11-29 16:18:12.686 None     INFO AUTHENTICATION------ SESSIONREQUEST------ Request ID:09c41fae-5521-4191-9da8-697cd2326c1b, AuthenticationType: BizAgi, AuthenticationSubType:None, Message: ValidateRequest: Authentication:true, User enable, domain\admon, IP:127.0.0.1.
2020-11-29 16:18:12.702 None     INFO AUTHENTICATION------ SESSIONREQUEST------ Request ID:6184cb1c-d51c-45c6-b8c3-ebf95f5476f6, AuthenticationType: BizAgi, AuthenticationSubType:None, Message: ValidateRequest: domain\admon, IP:127.0.0.1.
2020-11-29 16:18:12.702 None     INFO AUTHENTICATION------ SESSIONREQUEST------ Request ID:6184cb1c-d51c-45c6-b8c3-ebf95f5476f6, AuthenticationType: BizAgi, AuthenticationSubType:None, Message: ValidateRequest: Authentication:true, User enable, domain\admon, IP:127.0.0.1.
2020-11-29 16:18:12.718 None     INFO AUTHENTICATION------ SESSIONREQUEST------ Request ID:e6fe2121-fd43-4711-b833-539f61224c39, AuthenticationType: BizAgi, AuthenticationSubType:None, Message: ValidateRequest: domain\admon, IP:127.0.0.1.
2020-11-29 16:18:12.718 None     INFO AUTHENTICATION------ SESSIONREQUEST------ Request ID:e6fe2121-fd43-4711-b833-539f61224c39, AuthenticationType: BizAgi, AuthenticationSubType:None, Message: ValidateRequest: Authentication:true, User enable, domain\admon, IP:127.0.0.1.
2020-11-29 16:18:12.718 None     INFO AUTHENTICATION------ SESSIONREQUEST------ Request ID:5db56761-1c41-4a98-8bb2-b0ca4b14ca37, AuthenticationType: BizAgi, AuthenticationSubType:None, Message: ValidateRequest: domain\admon, IP:127.0.0.1.
2020-11-29 16:18:12.718 None     INFO AUTHENTICATION------ SESSIONREQUEST------ Request ID:5db56761-1c41-4a98-8bb2-b0ca4b14ca37, AuthenticationType: BizAgi, AuthenticationSubType:None, Message: ValidateRequest: Authentication:true, User enable, domain\admon, IP:127.0.0.1.
2020-11-29 16:18:12.764 None     INFO AUTHENTICATION------ SESSIONREQUEST------ Request ID:4f222b73-3fa6-4588-bb3e-ef799681e45e, AuthenticationType: BizAgi, AuthenticationSubType:None, Message: ValidateRequest: domain\admon, IP:127.0.0.1.
2020-11-29 16:18:12.764 None     INFO AUTHENTICATION------ SESSIONREQUEST------ Request ID:4f222b73-3fa6-4588-bb3e-ef799681e45e, AuthenticationType: BizAgi, AuthenticationSubType:None, Message: ValidateRequest: Authentication:true, User enable, domain\admon, IP:127.0.0.1.
2020-11-29 16:18:12.833 None     INFO AUTHENTICATION------ SESSIONREQUEST------ Request ID:c94f387a-ab04-413f-a77a-6fe07c250c1d, AuthenticationType: BizAgi, AuthenticationSubType:None, Message: ValidateRequest: domain\admon, IP:127.0.0.1.
2020-11-29 16:18:12.833 None     INFO AUTHENTICATION------ SESSIONREQUEST------ Request ID:c94f387a-ab04-413f-a77a-6fe07c250c1d, AuthenticationType: BizAgi, AuthenticationSubType:None, Message: ValidateRequest: Authentication:true, User enable, domain\admon, IP:127.0.0.1.
2020-11-29 16:18:12.833 None     INFO AUTHENTICATION------ SESSIONREQUEST------ Request ID:c94f387a-ab04-413f-a77a-6fe07c250c1d, AuthenticationType: BizAgi, AuthenticationSubType:None, Message: ValidateRequest: domain\admon, IP:127.0.0.1.
2020-11-29 16:18:12.833 None     INFO AUTHENTICATION------ SESSIONREQUEST------ Request ID:c94f387a-ab04-413f-a77a-6fe07c250c1d, AuthenticationType: BizAgi, AuthenticationSubType:None, Message: ValidateRequest: Authentication:true, User enable, domain\admon, IP:127.0.0.1.
2020-11-29 16:18:12.833 None     INFO AUTHENTICATION------ SESSIONREQUEST------ Request ID:c94f387a-ab04-413f-a77a-6fe07c250c1d, AuthenticationType: BizAgi, AuthenticationSubType:None, Message: ValidateRequest: domain\admon, IP:127.0.0.1.
2020-11-29 16:18:12.833 None     INFO AUTHENTICATION------ SESSIONREQUEST------ Request ID:c94f387a-ab04-413f-a77a-6fe07c250c1d, AuthenticationType: BizAgi, AuthenticationSubType:None, Message: ValidateRequest: Authentication:true, User enable, domain\admon, IP:127.0.0.1.
2020-11-29 16:18:12.871 None     INFO AUTHENTICATION------ SESSIONREQUEST------ Request ID:41a93b7c-88cc-4777-9647-bcb9aa8d053f, AuthenticationType: BizAgi, AuthenticationSubType:None, Message: ValidateRequest: domain\admon, IP:127.0.0.1.
2020-11-29 16:18:12.871 None     INFO AUTHENTICATION------ SESSIONREQUEST------ Request ID:41a93b7c-88cc-4777-9647-bcb9aa8d053f, AuthenticationType: BizAgi, AuthenticationSubType:None, Message: ValidateRequest: Authentication:true, User enable, domain\admon, IP:127.0.0.1.
2020-11-29 16:18:12.871 None     INFO AUTHENTICATION------ SESSIONREQUEST------ Request ID:90a80c07-c98e-47b4-a458-929fffc75543, AuthenticationType: BizAgi, AuthenticationSubType:None, Message: ValidateRequest: domain\admon, IP:127.0.0.1.
2020-11-29 16:18:12.871 None     INFO AUTHENTICATION------ SESSIONREQUEST------ Request ID:90a80c07-c98e-47b4-a458-929fffc75543, AuthenticationType: BizAgi, AuthenticationSubType:None, Message: ValidateRequest: Authentication:true, User enable, domain\admon, IP:127.0.0.1.
2020-11-29 16:18:12.918 None     INFO AUTHENTICATION------ SESSIONREQUEST------ Request ID:52d39d70-775f-4f83-91a4-1156259bf619, AuthenticationType: BizAgi, AuthenticationSubType:None, Message: ValidateRequest: domain\admon, IP:127.0.0.1.
2020-11-29 16:18:12.918 None     INFO AUTHENTICATION------ SESSIONREQUEST------ Request ID:52d39d70-775f-4f83-91a4-1156259bf619, AuthenticationType: BizAgi, AuthenticationSubType:None, Message: ValidateRequest: Authentication:true, User enable, domain\admon, IP:127.0.0.1.
2020-11-29 16:18:12.918 None     INFO AUTHENTICATION------ SESSIONREQUEST------ Request ID:5054a5e0-3660-4555-96e5-694bc2e8ad7f, AuthenticationType: BizAgi, AuthenticationSubType:None, Message: ValidateRequest: domain\admon, IP:127.0.0.1.
2020-11-29 16:18:12.918 None     INFO AUTHENTICATION------ SESSIONREQUEST------ Request ID:5054a5e0-3660-4555-96e5-694bc2e8ad7f, AuthenticationType: BizAgi, AuthenticationSubType:None, Message: ValidateRequest: Authentication:true, User enable, domain\admon, IP:127.0.0.1.
2020-11-29 16:18:12.949 None     INFO AUTHENTICATION------ SESSIONREQUEST------ Request ID:54d7c4ce-626e-46b7-b0ff-fe845aa20bf1, AuthenticationType: BizAgi, AuthenticationSubType:None, Message: ValidateRequest: domain\admon, IP:127.0.0.1.
2020-11-29 16:18:12.949 None     INFO AUTHENTICATION------ SESSIONREQUEST------ Request ID:54d7c4ce-626e-46b7-b0ff-fe845aa20bf1, AuthenticationType: BizAgi, AuthenticationSubType:None, Message: ValidateRequest: Authentication:true, User enable, domain\admon, IP:127.0.0.1.
2020-11-29 16:18:16.783 None     INFO AUTHENTICATION------ SESSIONREQUEST------ Request ID:caa6cd66-4988-4ee8-aa7b-cbe0f2ec476c, AuthenticationType: BizAgi, AuthenticationSubType:None, Message: ValidateRequest: domain\admon, IP:127.0.0.1.
2020-11-29 16:18:16.783 None     INFO AUTHENTICATION------ SESSIONREQUEST------ Request ID:caa6cd66-4988-4ee8-aa7b-cbe0f2ec476c, AuthenticationType: BizAgi, AuthenticationSubType:None, Message: ValidateRequest: Authentication:true, User enable, domain\admon, IP:127.0.0.1.
2020-11-29 16:18:16.783 None     INFO AUTHENTICATION------ SESSIONREQUEST------ Request ID:caa6cd66-4988-4ee8-aa7b-cbe0f2ec476c, AuthenticationType: BizAgi, AuthenticationSubType:None, Message: ValidateRequest: domain\admon, IP:127.0.0.1.
2020-11-29 16:18:16.783 None     INFO AUTHENTICATION------ SESSIONREQUEST------ Request ID:caa6cd66-4988-4ee8-aa7b-cbe0f2ec476c, AuthenticationType: BizAgi, AuthenticationSubType:None, Message: ValidateRequest: Authentication:true, User enable, domain\admon, IP:127.0.0.1.
2020-11-29 16:18:16.783 None     INFO AUTHENTICATION------ SESSIONREQUEST------ Request ID:caa6cd66-4988-4ee8-aa7b-cbe0f2ec476c, AuthenticationType: BizAgi, AuthenticationSubType:None, Message: ValidateRequest: domain\admon, IP:127.0.0.1.
2020-11-29 16:18:16.783 None     INFO AUTHENTICATION------ SESSIONREQUEST------ Request ID:caa6cd66-4988-4ee8-aa7b-cbe0f2ec476c, AuthenticationType: BizAgi, AuthenticationSubType:None, Message: ValidateRequest: Authentication:true, User enable, domain\admon, IP:127.0.0.1.
2020-11-29 16:18:16.799 None     INFO WORKFLOW------------ -------------------- BEGIN: CWorkflowManager.internal_doWorkItemById :: WorkItemId=3355 - ProcId=1951 - User=-1
2020-11-29 16:18:16.799 None     INFO WORKFLOW------------ --------------------  internal_doWorkItemById :: preOperationLoad
2020-11-29 16:18:16.799 None     INFO WORKFLOW------------ --------------------  internal_doWorkItemById :: beginTransaction
2020-11-29 16:18:16.799 None     INFO WORKFLOW------------ --------------------  internal_doWorkItemById :: CProcessManager.getProcessInstance
2020-11-29 16:18:16.799 None     INFO WORKFLOW------------ --------------------  internal_doWorkItemById :: checkForProcessActivation
2020-11-29 16:18:16.799 None     INFO WORKFLOW------------ --------------------  internal_doWorkItemById :: process.persistProcess
2020-11-29 16:18:16.799 None     INFO WORKFLOW------------ --------------------  internal_doWorkItemById :: process.ProcessState=Running
2020-11-29 16:18:16.799 None     INFO WORKFLOW------------ --------------------  internal_doWorkItemById :: process.doWorkItemById(idWorkitem, appEntity, alTransitionIds)
2020-11-29 16:18:16.799 None     INFO WORKFLOW------------ --------------------  activating workitem
2020-11-29 16:18:16.799 None     INFO RULES--------------- --------------------  START EXECUTING RULE True, ID 1000
2020-11-29 16:18:16.799 None     INFO RULES--------------- --------------------  END EXECUTING RULE True, ID 1000
2020-11-29 16:18:16.799 None     INFO WORKFLOW------------ --------------------  Executing transition id=43 Name=Element_25 DisplayName=
2020-11-29 16:18:16.830 None     INFO WORKFLOW------------ --------------------  BEGIN: Executing task id=3 Name=Tachycard DisplayName=Tachycard? on EventTypeOnEnter
2020-11-29 16:18:16.861 None     INFO RULES--------------- --------------------   BEGIN: Policy Name=BOOLEANEXPRESSION
2020-11-29 16:18:16.861 None     INFO RULES--------------- --------------------    Start Time:11/29/2020 4:18:16 PM
2020-11-29 16:18:16.861 None     INFO RULES--------------- --------------------    [Evaluating Boolean Expression 0 - BoolExp74540]
2020-11-29 16:18:16.861 None     INFO RULES--------------- --------------------    	Evaluating conditions with AND
2020-11-29 16:18:16.861 None     INFO RULES--------------- --------------------    		Evaluating Operator is equal to with the following parameters:
2020-11-29 16:18:16.861 None     INFO RULES--------------- --------------------    		Parameter 0 --> [EKG_QRS_BPM.Betegadatok.Tachycard] --> [True]
2020-11-29 16:18:16.861 None     INFO RULES--------------- --------------------    		Parameter 1 --> [true] --> [True]
2020-11-29 16:18:16.861 None     INFO RULES--------------- --------------------    		Condition <EKG_QRS_BPM.Betegadatok.Tachycard is equal to true> result is TRUE
2020-11-29 16:18:16.861 None     INFO RULES--------------- --------------------    Chrono Summary
2020-11-29 16:18:16.861 None     INFO RULES--------------- --------------------   END
2020-11-29 16:18:16.861 None     INFO WORKFLOW------------ --------------------   Executing transition id=1 Name=igen DisplayName=igen
2020-11-29 16:18:16.861 None     INFO WORKFLOW------------ --------------------   BEGIN: Executing task id=3 Name=Tachycard DisplayName=Tachycard? on EventTypeOnExit
2020-11-29 16:18:16.861 None     INFO WORKFLOW------------ --------------------   END
2020-11-29 16:18:16.930 None     INFO WORKFLOW------------ --------------------  END
2020-11-29 16:18:16.930 None     INFO WORKFLOW------------ --------------------  internal_doWorkItemById :: postOperationSave
2020-11-29 16:18:16.930 None     INFO WORKFLOW------------ --------------------  internal_doWorkItemById :: commitTransaction
2020-11-29 16:18:16.930 None     INFO WORKFLOW------------ -------------------- END
2020-11-29 16:18:16.977 None     INFO AUTHENTICATION------ SESSIONREQUEST------ Request ID:612b49a0-9e5c-4128-8f35-4a50b29a19b7, AuthenticationType: BizAgi, AuthenticationSubType:None, Message: ValidateRequest: domain\admon, IP:127.0.0.1.
2020-11-29 16:18:16.977 None     INFO AUTHENTICATION------ SESSIONREQUEST------ Request ID:612b49a0-9e5c-4128-8f35-4a50b29a19b7, AuthenticationType: BizAgi, AuthenticationSubType:None, Message: ValidateRequest: Authentication:true, User enable, domain\admon, IP:127.0.0.1.
2020-11-29 16:18:17.030 None     INFO AUTHENTICATION------ SESSIONREQUEST------ Request ID:e33fbcf3-6ff9-431d-ba2b-5c4eddfac03e, AuthenticationType: BizAgi, AuthenticationSubType:None, Message: ValidateRequest: domain\admon, IP:127.0.0.1.
2020-11-29 16:18:17.030 None     INFO AUTHENTICATION------ SESSIONREQUEST------ Request ID:e33fbcf3-6ff9-431d-ba2b-5c4eddfac03e, AuthenticationType: BizAgi, AuthenticationSubType:None, Message: ValidateRequest: Authentication:true, User enable, domain\admon, IP:127.0.0.1.
2020-11-29 16:18:17.030 None     INFO AUTHENTICATION------ SESSIONREQUEST------ Request ID:50cf1e7a-dba1-4467-b792-79a1b88d2ee2, AuthenticationType: BizAgi, AuthenticationSubType:None, Message: ValidateRequest: domain\admon, IP:127.0.0.1.
2020-11-29 16:18:17.030 None     INFO AUTHENTICATION------ SESSIONREQUEST------ Request ID:50cf1e7a-dba1-4467-b792-79a1b88d2ee2, AuthenticationType: BizAgi, AuthenticationSubType:None, Message: ValidateRequest: Authentication:true, User enable, domain\admon, IP:127.0.0.1.
2020-11-29 16:18:17.061 None     INFO AUTHENTICATION------ SESSIONREQUEST------ Request ID:89ced55e-0ac5-4150-afbe-ebb6a043a9c6, AuthenticationType: BizAgi, AuthenticationSubType:None, Message: ValidateRequest: domain\admon, IP:127.0.0.1.
2020-11-29 16:18:17.061 None     INFO AUTHENTICATION------ SESSIONREQUEST------ Request ID:89ced55e-0ac5-4150-afbe-ebb6a043a9c6, AuthenticationType: BizAgi, AuthenticationSubType:None, Message: ValidateRequest: Authentication:true, User enable, domain\admon, IP:127.0.0.1.
2020-11-29 16:18:17.130 None     INFO AUTHENTICATION------ SESSIONREQUEST------ Request ID:b58b25e1-1316-4807-a011-e05b42038b7e, AuthenticationType: BizAgi, AuthenticationSubType:None, Message: ValidateRequest: domain\admon, IP:127.0.0.1.
2020-11-29 16:18:17.130 None     INFO AUTHENTICATION------ SESSIONREQUEST------ Request ID:b58b25e1-1316-4807-a011-e05b42038b7e, AuthenticationType: BizAgi, AuthenticationSubType:None, Message: ValidateRequest: Authentication:true, User enable, domain\admon, IP:127.0.0.1.
2020-11-29 16:18:17.130 None     INFO AUTHENTICATION------ SESSIONREQUEST------ Request ID:b58b25e1-1316-4807-a011-e05b42038b7e, AuthenticationType: BizAgi, AuthenticationSubType:None, Message: ValidateRequest: domain\admon, IP:127.0.0.1.
2020-11-29 16:18:17.130 None     INFO AUTHENTICATION------ SESSIONREQUEST------ Request ID:b58b25e1-1316-4807-a011-e05b42038b7e, AuthenticationType: BizAgi, AuthenticationSubType:None, Message: ValidateRequest: Authentication:true, User enable, domain\admon, IP:127.0.0.1.
2020-11-29 16:18:17.130 None     INFO AUTHENTICATION------ SESSIONREQUEST------ Request ID:b58b25e1-1316-4807-a011-e05b42038b7e, AuthenticationType: BizAgi, AuthenticationSubType:None, Message: ValidateRequest: domain\admon, IP:127.0.0.1.
2020-11-29 16:18:17.130 None     INFO AUTHENTICATION------ SESSIONREQUEST------ Request ID:b58b25e1-1316-4807-a011-e05b42038b7e, AuthenticationType: BizAgi, AuthenticationSubType:None, Message: ValidateRequest: Authentication:true, User enable, domain\admon, IP:127.0.0.1.
2020-11-29 16:18:17.162 None     INFO AUTHENTICATION------ SESSIONREQUEST------ Request ID:bbb46c7e-5a0c-4c23-8238-71893c2fb5ae, AuthenticationType: BizAgi, AuthenticationSubType:None, Message: ValidateRequest: domain\admon, IP:127.0.0.1.
2020-11-29 16:18:17.162 None     INFO AUTHENTICATION------ SESSIONREQUEST------ Request ID:bbb46c7e-5a0c-4c23-8238-71893c2fb5ae, AuthenticationType: BizAgi, AuthenticationSubType:None, Message: ValidateRequest: Authentication:true, User enable, domain\admon, IP:127.0.0.1.
2020-11-29 16:18:17.177 None     INFO AUTHENTICATION------ SESSIONREQUEST------ Request ID:df56aedd-1d98-43c2-9337-914e90f39e6f, AuthenticationType: BizAgi, AuthenticationSubType:None, Message: ValidateRequest: domain\admon, IP:127.0.0.1.
2020-11-29 16:18:17.177 None     INFO AUTHENTICATION------ SESSIONREQUEST------ Request ID:df56aedd-1d98-43c2-9337-914e90f39e6f, AuthenticationType: BizAgi, AuthenticationSubType:None, Message: ValidateRequest: Authentication:true, User enable, domain\admon, IP:127.0.0.1.
2020-11-29 16:18:17.262 None     INFO AUTHENTICATION------ SESSIONREQUEST------ Request ID:afaaab4f-6388-4146-b3c8-90c84c0550c3, AuthenticationType: BizAgi, AuthenticationSubType:None, Message: ValidateRequest: domain\admon, IP:127.0.0.1.
2020-11-29 16:18:17.262 None     INFO AUTHENTICATION------ SESSIONREQUEST------ Request ID:afaaab4f-6388-4146-b3c8-90c84c0550c3, AuthenticationType: BizAgi, AuthenticationSubType:None, Message: ValidateRequest: Authentication:true, User enable, domain\admon, IP:127.0.0.1.
2020-11-29 16:18:17.262 None     INFO AUTHENTICATION------ SESSIONREQUEST------ Request ID:936eee9e-3290-49c6-821b-066ef597f774, AuthenticationType: BizAgi, AuthenticationSubType:None, Message: ValidateRequest: domain\admon, IP:127.0.0.1.
2020-11-29 16:18:17.262 None     INFO AUTHENTICATION------ SESSIONREQUEST------ Request ID:936eee9e-3290-49c6-821b-066ef597f774, AuthenticationType: BizAgi, AuthenticationSubType:None, Message: ValidateRequest: Authentication:true, User enable, domain\admon, IP:127.0.0.1.
2020-11-29 16:18:17.278 None     INFO AUTHENTICATION------ SESSIONREQUEST------ Request ID:3c20c60b-6919-4911-8a34-b03ddf03de0c, AuthenticationType: BizAgi, AuthenticationSubType:None, Message: ValidateRequest: domain\admon, IP:127.0.0.1.
2020-11-29 16:18:17.278 None     INFO AUTHENTICATION------ SESSIONREQUEST------ Request ID:3c20c60b-6919-4911-8a34-b03ddf03de0c, AuthenticationType: BizAgi, AuthenticationSubType:None, Message: ValidateRequest: Authentication:true, User enable, domain\admon, IP:127.0.0.1.
2020-11-29 16:18:17.278 None     INFO AUTHENTICATION------ SESSIONREQUEST------ Request ID:8ad9a185-b278-4e20-bbfa-157564eb07ac, AuthenticationType: BizAgi, AuthenticationSubType:None, Message: ValidateRequest: domain\admon, IP:127.0.0.1.
2020-11-29 16:18:17.278 None     INFO AUTHENTICATION------ SESSIONREQUEST------ Request ID:8ad9a185-b278-4e20-bbfa-157564eb07ac, AuthenticationType: BizAgi, AuthenticationSubType:None, Message: ValidateRequest: Authentication:true, User enable, domain\admon, IP:127.0.0.1.
2020-11-29 16:18:17.284 None     INFO AUTHENTICATION------ SESSIONREQUEST------ Request ID:20b8e611-993a-4570-9a7a-5e9f4ffc429b, AuthenticationType: BizAgi, AuthenticationSubType:None, Message: ValidateRequest: domain\admon, IP:127.0.0.1.
2020-11-29 16:18:17.284 None     INFO AUTHENTICATION------ SESSIONREQUEST------ Request ID:20b8e611-993a-4570-9a7a-5e9f4ffc429b, AuthenticationType: BizAgi, AuthenticationSubType:None, Message: ValidateRequest: Authentication:true, User enable, domain\admon, IP:127.0.0.1.
2020-11-29 16:18:17.284 None     INFO AUTHENTICATION------ SESSIONREQUEST------ Request ID:50be49d1-66da-4eb0-9c46-c8312452a7ce, AuthenticationType: BizAgi, AuthenticationSubType:None, Message: ValidateRequest: domain\admon, IP:127.0.0.1.
2020-11-29 16:18:17.284 None     INFO AUTHENTICATION------ SESSIONREQUEST------ Request ID:50be49d1-66da-4eb0-9c46-c8312452a7ce, AuthenticationType: BizAgi, AuthenticationSubType:None, Message: ValidateRequest: Authentication:true, User enable, domain\admon, IP:127.0.0.1.
