#Software: Bizagi Web
#Version: 1.0.0.0
#Platform: CLR 4.0.30319.42000
#OSVersion: Microsoft Windows NT 6.2.9200.0
#Machine: TARGARYEN
#ProcessorCount: 8
#User Name: Wise
#Domain: Targaryen

#Fields: date time session level module submodule message
2020-11-08 22:56:23.326 None     INFO AUTHENTICATION------ SESSIONREQUEST------ Request ID:26c14617-3958-454f-b1d3-08ecfba45307, AuthenticationType: BizAgi, AuthenticationSubType:None, Message: ValidateRequest: Authentication:false, authenticationCookie is null, IP:127.0.0.1.
2020-11-08 22:56:23.527 None     INFO AUTHENTICATION------ SESSIONREQUEST------ Request ID:05744fe7-67cf-4394-b072-4f19dd120d62, AuthenticationType: BizAgi, AuthenticationSubType:None, Message: ValidateRequest: Authentication:false, authenticationCookie is null, IP:127.0.0.1.
2020-11-08 22:56:23.596 None     INFO AUTHENTICATION------ SESSIONREQUEST------ Request ID:f24499ca-d623-4033-af9d-58cef0c29d6c, AuthenticationType: BizAgi, AuthenticationSubType:None, Message: ValidateRequest: Authentication:false, authenticationCookie is null, IP:127.0.0.1.
2020-11-08 22:56:23.759 None     INFO AUTHENTICATION------ SESSIONREQUEST------ Request ID:304999b9-36f0-4025-aabe-0dba84dd9301, AuthenticationType: BizAgi, AuthenticationSubType:None, Message: ValidateRequest: Authentication:false, authenticationCookie is null, IP:127.0.0.1.
2020-11-08 22:56:24.106 None     INFO AUTHENTICATION------ SESSIONREQUEST------ Request ID:304999b9-36f0-4025-aabe-0dba84dd9301, AuthenticationType: BizAgi, AuthenticationSubType:None, Message: AuthenticateRequest: Principal Identity Name: domain\admon, IP:127.0.0.1..
2020-11-08 22:56:24.946 None     INFO AUTHENTICATION------ SESSIONREQUEST------ Request ID:4d2540f5-b729-47ea-ac8e-ecfc83ad36b0, AuthenticationType: BizAgi, AuthenticationSubType:None, Message: ValidateRequest: domain\admon, IP:127.0.0.1.
2020-11-08 22:56:24.962 None     INFO AUTHENTICATION------ SESSIONREQUEST------ Request ID:4d2540f5-b729-47ea-ac8e-ecfc83ad36b0, AuthenticationType: BizAgi, AuthenticationSubType:None, Message: ValidateRequest: Authentication:true, User enable, domain\admon, IP:127.0.0.1.
2020-11-08 22:56:25.045 None     INFO AUTHENTICATION------ SESSIONREQUEST------ Request ID:83384ab5-dca9-4cb6-b903-4038328f908f, AuthenticationType: BizAgi, AuthenticationSubType:None, Message: ValidateRequest: domain\admon, IP:127.0.0.1.
2020-11-08 22:56:25.045 None     INFO AUTHENTICATION------ SESSIONREQUEST------ Request ID:83384ab5-dca9-4cb6-b903-4038328f908f, AuthenticationType: BizAgi, AuthenticationSubType:None, Message: ValidateRequest: Authentication:true, User enable, domain\admon, IP:127.0.0.1.
2020-11-08 22:56:25.082 None     INFO AUTHENTICATION------ SESSIONREQUEST------ Request ID:9facf5ca-7d1a-476b-843d-29af9bdacaab, AuthenticationType: BizAgi, AuthenticationSubType:None, Message: ValidateRequest: domain\admon, IP:127.0.0.1.
2020-11-08 22:56:25.082 None     INFO AUTHENTICATION------ SESSIONREQUEST------ Request ID:9facf5ca-7d1a-476b-843d-29af9bdacaab, AuthenticationType: BizAgi, AuthenticationSubType:None, Message: ValidateRequest: Authentication:true, User enable, domain\admon, IP:127.0.0.1.
2020-11-08 22:56:25.516 None     INFO AUTHENTICATION------ SESSIONREQUEST------ Request ID:5a298b5a-793f-478b-8cc5-8263100af69b, AuthenticationType: BizAgi, AuthenticationSubType:None, Message: ValidateRequest: domain\admon, IP:127.0.0.1.
2020-11-08 22:56:25.516 None     INFO AUTHENTICATION------ SESSIONREQUEST------ Request ID:5a298b5a-793f-478b-8cc5-8263100af69b, AuthenticationType: BizAgi, AuthenticationSubType:None, Message: ValidateRequest: Authentication:true, User enable, domain\admon, IP:127.0.0.1.
2020-11-08 22:56:25.543 None     INFO AUTHENTICATION------ SESSIONREQUEST------ Request ID:af34e450-7730-4f97-870b-aeadf2984669, AuthenticationType: BizAgi, AuthenticationSubType:None, Message: ValidateRequest: domain\admon, IP:127.0.0.1.
2020-11-08 22:56:25.543 None     INFO AUTHENTICATION------ SESSIONREQUEST------ Request ID:af34e450-7730-4f97-870b-aeadf2984669, AuthenticationType: BizAgi, AuthenticationSubType:None, Message: ValidateRequest: Authentication:true, User enable, domain\admon, IP:127.0.0.1.
2020-11-08 22:56:25.543 None     INFO AUTHENTICATION------ SESSIONREQUEST------ Request ID:8ea401b6-095a-4a17-bf35-085054093aed, AuthenticationType: BizAgi, AuthenticationSubType:None, Message: ValidateRequest: domain\admon, IP:127.0.0.1.
2020-11-08 22:56:25.543 None     INFO AUTHENTICATION------ SESSIONREQUEST------ Request ID:8ea401b6-095a-4a17-bf35-085054093aed, AuthenticationType: BizAgi, AuthenticationSubType:None, Message: ValidateRequest: Authentication:true, User enable, domain\admon, IP:127.0.0.1.
2020-11-08 22:56:25.548 None     INFO AUTHENTICATION------ SESSIONREQUEST------ Request ID:a361f282-721e-4d0a-b15d-df4b5b12fb70, AuthenticationType: BizAgi, AuthenticationSubType:None, Message: ValidateRequest: domain\admon, IP:127.0.0.1.
2020-11-08 22:56:25.548 None     INFO AUTHENTICATION------ SESSIONREQUEST------ Request ID:a361f282-721e-4d0a-b15d-df4b5b12fb70, AuthenticationType: BizAgi, AuthenticationSubType:None, Message: ValidateRequest: Authentication:true, User enable, domain\admon, IP:127.0.0.1.
2020-11-08 22:56:25.644 None     INFO AUTHENTICATION------ SESSIONREQUEST------ Request ID:3fbce986-e25a-4a5b-8ba3-f8cf14392c8b, AuthenticationType: BizAgi, AuthenticationSubType:None, Message: ValidateRequest: domain\admon, IP:127.0.0.1.
2020-11-08 22:56:25.644 None     INFO AUTHENTICATION------ SESSIONREQUEST------ Request ID:3fbce986-e25a-4a5b-8ba3-f8cf14392c8b, AuthenticationType: BizAgi, AuthenticationSubType:None, Message: ValidateRequest: Authentication:true, User enable, domain\admon, IP:127.0.0.1.
2020-11-08 22:56:25.914 None     INFO AUTHENTICATION------ SESSIONREQUEST------ Request ID:b39c6fd3-9ca7-47ed-a21b-25ae0dfb31ac, AuthenticationType: BizAgi, AuthenticationSubType:None, Message: ValidateRequest: domain\admon, IP:127.0.0.1.
2020-11-08 22:56:25.914 None     INFO AUTHENTICATION------ SESSIONREQUEST------ Request ID:b39c6fd3-9ca7-47ed-a21b-25ae0dfb31ac, AuthenticationType: BizAgi, AuthenticationSubType:None, Message: ValidateRequest: Authentication:true, User enable, domain\admon, IP:127.0.0.1.
2020-11-08 22:56:25.961 None     INFO AUTHENTICATION------ SESSIONREQUEST------ Request ID:b39c6fd3-9ca7-47ed-a21b-25ae0dfb31ac, AuthenticationType: BizAgi, AuthenticationSubType:None, Message: AuthenticateRequest: Principal Identity Name: domain\admon, IP:127.0.0.1..
2020-11-08 22:56:26.032 None     INFO AUTHENTICATION------ SESSIONREQUEST------ Request ID:e1a4a6b4-823a-49b6-8852-36ab66752937, AuthenticationType: BizAgi, AuthenticationSubType:None, Message: AuthenticateRequest: Principal Identity Name: domain\admon, IP:127.0.0.1..
2020-11-08 22:56:26.032 None     INFO AUTHENTICATION------ SESSIONREQUEST------ Request ID:e1a4a6b4-823a-49b6-8852-36ab66752937, AuthenticationType: BizAgi, AuthenticationSubType:None, Message: ValidateRequest: domain\admon, IP:127.0.0.1.
2020-11-08 22:56:26.032 None     INFO AUTHENTICATION------ SESSIONREQUEST------ Request ID:e1a4a6b4-823a-49b6-8852-36ab66752937, AuthenticationType: BizAgi, AuthenticationSubType:None, Message: ValidateRequest: Authentication:true, User enable, domain\admon, IP:127.0.0.1.
2020-11-08 22:56:26.101 None     INFO AUTHENTICATION------ SESSIONREQUEST------ Request ID:cb8d6d28-9c0d-46d2-ba8e-7d270fc21485, AuthenticationType: BizAgi, AuthenticationSubType:None, Message: ValidateRequest: domain\admon, IP:127.0.0.1.
2020-11-08 22:56:26.101 None     INFO AUTHENTICATION------ SESSIONREQUEST------ Request ID:cb8d6d28-9c0d-46d2-ba8e-7d270fc21485, AuthenticationType: BizAgi, AuthenticationSubType:None, Message: ValidateRequest: Authentication:true, User enable, domain\admon, IP:127.0.0.1.
2020-11-08 22:56:26.162 None     INFO AUTHENTICATION------ SESSIONREQUEST------ Request ID:f0cce225-aa0b-4d4e-86cc-cecb7c516a43, AuthenticationType: BizAgi, AuthenticationSubType:None, Message: ValidateRequest: domain\admon, IP:127.0.0.1.
2020-11-08 22:56:26.162 None     INFO AUTHENTICATION------ SESSIONREQUEST------ Request ID:f0cce225-aa0b-4d4e-86cc-cecb7c516a43, AuthenticationType: BizAgi, AuthenticationSubType:None, Message: ValidateRequest: Authentication:true, User enable, domain\admon, IP:127.0.0.1.
2020-11-08 22:56:26.185 None     INFO AUTHENTICATION------ SESSIONREQUEST------ Request ID:526681f6-ba4e-43aa-9094-654958a6cfc9, AuthenticationType: BizAgi, AuthenticationSubType:None, Message: ValidateRequest: domain\admon, IP:127.0.0.1.
2020-11-08 22:56:26.185 None     INFO AUTHENTICATION------ SESSIONREQUEST------ Request ID:526681f6-ba4e-43aa-9094-654958a6cfc9, AuthenticationType: BizAgi, AuthenticationSubType:None, Message: ValidateRequest: Authentication:true, User enable, domain\admon, IP:127.0.0.1.
2020-11-08 22:56:26.232 None     INFO AUTHENTICATION------ SESSIONREQUEST------ Request ID:9a24b694-3e22-4d4e-9823-85ff79bb6697, AuthenticationType: BizAgi, AuthenticationSubType:None, Message: ValidateRequest: domain\admon, IP:127.0.0.1.
2020-11-08 22:56:26.232 None     INFO AUTHENTICATION------ SESSIONREQUEST------ Request ID:9a24b694-3e22-4d4e-9823-85ff79bb6697, AuthenticationType: BizAgi, AuthenticationSubType:None, Message: ValidateRequest: Authentication:true, User enable, domain\admon, IP:127.0.0.1.
2020-11-08 22:56:26.263 None     INFO AUTHENTICATION------ SESSIONREQUEST------ Request ID:7c5e83cb-b66d-48a8-901c-4544e386e8c8, AuthenticationType: BizAgi, AuthenticationSubType:None, Message: ValidateRequest: domain\admon, IP:127.0.0.1.
2020-11-08 22:56:26.263 None     INFO AUTHENTICATION------ SESSIONREQUEST------ Request ID:7c5e83cb-b66d-48a8-901c-4544e386e8c8, AuthenticationType: BizAgi, AuthenticationSubType:None, Message: ValidateRequest: Authentication:true, User enable, domain\admon, IP:127.0.0.1.
2020-11-08 22:56:26.286 None     INFO AUTHENTICATION------ SESSIONREQUEST------ Request ID:58a38458-80cd-4b58-8d91-fee2f8eecb02, AuthenticationType: BizAgi, AuthenticationSubType:None, Message: ValidateRequest: domain\admon, IP:127.0.0.1.
2020-11-08 22:56:26.286 None     INFO AUTHENTICATION------ SESSIONREQUEST------ Request ID:58a38458-80cd-4b58-8d91-fee2f8eecb02, AuthenticationType: BizAgi, AuthenticationSubType:None, Message: ValidateRequest: Authentication:true, User enable, domain\admon, IP:127.0.0.1.
2020-11-08 22:56:26.586 None     INFO AUTHENTICATION------ SESSIONREQUEST------ Request ID:fbab3745-e39d-4ec8-82f9-a220c679617c, AuthenticationType: BizAgi, AuthenticationSubType:None, Message: ValidateRequest: domain\admon, IP:127.0.0.1.
2020-11-08 22:56:26.586 None     INFO AUTHENTICATION------ SESSIONREQUEST------ Request ID:fbab3745-e39d-4ec8-82f9-a220c679617c, AuthenticationType: BizAgi, AuthenticationSubType:None, Message: ValidateRequest: Authentication:true, User enable, domain\admon, IP:127.0.0.1.
2020-11-08 22:56:26.586 None     INFO AUTHENTICATION------ SESSIONREQUEST------ Request ID:124c2e31-162c-417f-be0c-9cb45ac8b2f7, AuthenticationType: BizAgi, AuthenticationSubType:None, Message: ValidateRequest: domain\admon, IP:127.0.0.1.
2020-11-08 22:56:26.586 None     INFO AUTHENTICATION------ SESSIONREQUEST------ Request ID:124c2e31-162c-417f-be0c-9cb45ac8b2f7, AuthenticationType: BizAgi, AuthenticationSubType:None, Message: ValidateRequest: Authentication:true, User enable, domain\admon, IP:127.0.0.1.
2020-11-08 22:56:26.602 None     INFO AUTHENTICATION------ SESSIONREQUEST------ Request ID:3c9ce5e4-5c79-4042-a266-adfb2ff3550d, AuthenticationType: BizAgi, AuthenticationSubType:None, Message: ValidateRequest: domain\admon, IP:127.0.0.1.
2020-11-08 22:56:26.602 None     INFO AUTHENTICATION------ SESSIONREQUEST------ Request ID:3c9ce5e4-5c79-4042-a266-adfb2ff3550d, AuthenticationType: BizAgi, AuthenticationSubType:None, Message: ValidateRequest: Authentication:true, User enable, domain\admon, IP:127.0.0.1.
2020-11-08 22:56:26.617 None     INFO AUTHENTICATION------ SESSIONREQUEST------ Request ID:4976b581-f93a-4e34-9c30-c7d3727e49d8, AuthenticationType: BizAgi, AuthenticationSubType:None, Message: ValidateRequest: domain\admon, IP:127.0.0.1.
2020-11-08 22:56:26.617 None     INFO AUTHENTICATION------ SESSIONREQUEST------ Request ID:4976b581-f93a-4e34-9c30-c7d3727e49d8, AuthenticationType: BizAgi, AuthenticationSubType:None, Message: ValidateRequest: Authentication:true, User enable, domain\admon, IP:127.0.0.1.
2020-11-08 22:56:26.648 None     INFO AUTHENTICATION------ SESSIONREQUEST------ Request ID:49930073-36df-4d51-929f-2ee0d4810b44, AuthenticationType: BizAgi, AuthenticationSubType:None, Message: ValidateRequest: domain\admon, IP:127.0.0.1.
2020-11-08 22:56:26.648 None     INFO AUTHENTICATION------ SESSIONREQUEST------ Request ID:49930073-36df-4d51-929f-2ee0d4810b44, AuthenticationType: BizAgi, AuthenticationSubType:None, Message: ValidateRequest: Authentication:true, User enable, domain\admon, IP:127.0.0.1.
2020-11-08 22:56:26.825 None     INFO AUTHENTICATION------ SESSIONREQUEST------ Request ID:7b903a84-2263-4fef-83c4-2ca5d0d06911, AuthenticationType: BizAgi, AuthenticationSubType:None, Message: ValidateRequest: domain\admon, IP:127.0.0.1.
2020-11-08 22:56:26.825 None     INFO AUTHENTICATION------ SESSIONREQUEST------ Request ID:7b903a84-2263-4fef-83c4-2ca5d0d06911, AuthenticationType: BizAgi, AuthenticationSubType:None, Message: ValidateRequest: Authentication:true, User enable, domain\admon, IP:127.0.0.1.
2020-11-08 22:56:26.846 None     INFO AUTHENTICATION------ SESSIONREQUEST------ Request ID:eaf35407-6315-4217-b618-1d9625c93ddd, AuthenticationType: BizAgi, AuthenticationSubType:None, Message: ValidateRequest: domain\admon, IP:127.0.0.1.
2020-11-08 22:56:26.846 None     INFO AUTHENTICATION------ SESSIONREQUEST------ Request ID:eaf35407-6315-4217-b618-1d9625c93ddd, AuthenticationType: BizAgi, AuthenticationSubType:None, Message: ValidateRequest: Authentication:true, User enable, domain\admon, IP:127.0.0.1.
2020-11-08 22:56:27.074 None     INFO AUTHENTICATION------ SESSIONREQUEST------ Request ID:ff60c198-3258-4a70-bcbf-f597690230bd, AuthenticationType: BizAgi, AuthenticationSubType:None, Message: ValidateRequest: domain\admon, IP:127.0.0.1.
2020-11-08 22:56:27.075 None     INFO AUTHENTICATION------ SESSIONREQUEST------ Request ID:ff60c198-3258-4a70-bcbf-f597690230bd, AuthenticationType: BizAgi, AuthenticationSubType:None, Message: ValidateRequest: Authentication:true, User enable, domain\admon, IP:127.0.0.1.
2020-11-08 22:56:27.118 None     INFO AUTHENTICATION------ SESSIONREQUEST------ Request ID:942cd37a-30dd-4e18-a74e-1cca33999fb7, AuthenticationType: BizAgi, AuthenticationSubType:None, Message: ValidateRequest: domain\admon, IP:127.0.0.1.
2020-11-08 22:56:27.118 None     INFO AUTHENTICATION------ SESSIONREQUEST------ Request ID:942cd37a-30dd-4e18-a74e-1cca33999fb7, AuthenticationType: BizAgi, AuthenticationSubType:None, Message: ValidateRequest: Authentication:true, User enable, domain\admon, IP:127.0.0.1.
2020-11-08 22:56:27.212 None     INFO AUTHENTICATION------ SESSIONREQUEST------ Request ID:a9c04609-063b-4db3-a961-fcf359f9d00a, AuthenticationType: BizAgi, AuthenticationSubType:None, Message: ValidateRequest: domain\admon, IP:127.0.0.1.
2020-11-08 22:56:27.212 None     INFO AUTHENTICATION------ SESSIONREQUEST------ Request ID:a9c04609-063b-4db3-a961-fcf359f9d00a, AuthenticationType: BizAgi, AuthenticationSubType:None, Message: ValidateRequest: Authentication:true, User enable, domain\admon, IP:127.0.0.1.
2020-11-08 22:56:27.250 None     INFO AUTHENTICATION------ SESSIONREQUEST------ Request ID:eefd3007-1054-46b6-90c4-139e8137be51, AuthenticationType: BizAgi, AuthenticationSubType:None, Message: ValidateRequest: domain\admon, IP:127.0.0.1.
2020-11-08 22:56:27.250 None     INFO AUTHENTICATION------ SESSIONREQUEST------ Request ID:eefd3007-1054-46b6-90c4-139e8137be51, AuthenticationType: BizAgi, AuthenticationSubType:None, Message: ValidateRequest: Authentication:true, User enable, domain\admon, IP:127.0.0.1.
2020-11-08 22:56:27.291 None     INFO AUTHENTICATION------ SESSIONREQUEST------ Request ID:b658d806-c03c-4cfb-9954-1dbb735da9d5, AuthenticationType: BizAgi, AuthenticationSubType:None, Message: ValidateRequest: domain\admon, IP:127.0.0.1.
2020-11-08 22:56:27.292 None     INFO AUTHENTICATION------ SESSIONREQUEST------ Request ID:b658d806-c03c-4cfb-9954-1dbb735da9d5, AuthenticationType: BizAgi, AuthenticationSubType:None, Message: ValidateRequest: Authentication:true, User enable, domain\admon, IP:127.0.0.1.
2020-11-08 22:56:27.378 None     INFO AUTHENTICATION------ SESSIONREQUEST------ Request ID:a6951a8a-d919-4093-a440-cec55e6f3cbb, AuthenticationType: BizAgi, AuthenticationSubType:None, Message: ValidateRequest: domain\admon, IP:127.0.0.1.
2020-11-08 22:56:27.378 None     INFO AUTHENTICATION------ SESSIONREQUEST------ Request ID:a6951a8a-d919-4093-a440-cec55e6f3cbb, AuthenticationType: BizAgi, AuthenticationSubType:None, Message: ValidateRequest: Authentication:true, User enable, domain\admon, IP:127.0.0.1.
2020-11-08 22:56:27.513 None     INFO AUTHENTICATION------ SESSIONREQUEST------ Request ID:5200d96e-63f6-4159-810e-7e7923128229, AuthenticationType: BizAgi, AuthenticationSubType:None, Message: ValidateRequest: domain\admon, IP:127.0.0.1.
2020-11-08 22:56:27.514 None     INFO AUTHENTICATION------ SESSIONREQUEST------ Request ID:5200d96e-63f6-4159-810e-7e7923128229, AuthenticationType: BizAgi, AuthenticationSubType:None, Message: ValidateRequest: Authentication:true, User enable, domain\admon, IP:127.0.0.1.
2020-11-08 22:56:27.618 None     INFO AUTHENTICATION------ SESSIONREQUEST------ Request ID:7e7e69c5-e40f-4f06-a2e8-8ffdccdc0572, AuthenticationType: BizAgi, AuthenticationSubType:None, Message: ValidateRequest: domain\admon, IP:127.0.0.1.
2020-11-08 22:56:27.618 None     INFO AUTHENTICATION------ SESSIONREQUEST------ Request ID:7e7e69c5-e40f-4f06-a2e8-8ffdccdc0572, AuthenticationType: BizAgi, AuthenticationSubType:None, Message: ValidateRequest: Authentication:true, User enable, domain\admon, IP:127.0.0.1.
2020-11-08 22:56:27.627 None     INFO AUTHENTICATION------ SESSIONREQUEST------ Request ID:49732209-53a9-48f8-90a3-46226474d513, AuthenticationType: BizAgi, AuthenticationSubType:None, Message: ValidateRequest: domain\admon, IP:127.0.0.1.
2020-11-08 22:56:27.627 None     INFO AUTHENTICATION------ SESSIONREQUEST------ Request ID:49732209-53a9-48f8-90a3-46226474d513, AuthenticationType: BizAgi, AuthenticationSubType:None, Message: ValidateRequest: Authentication:true, User enable, domain\admon, IP:127.0.0.1.
2020-11-08 22:56:27.635 None     INFO AUTHENTICATION------ SESSIONREQUEST------ Request ID:6ca50b03-0474-4687-94c6-eff4b6a720b7, AuthenticationType: BizAgi, AuthenticationSubType:None, Message: ValidateRequest: domain\admon, IP:127.0.0.1.
2020-11-08 22:56:27.635 None     INFO AUTHENTICATION------ SESSIONREQUEST------ Request ID:6ca50b03-0474-4687-94c6-eff4b6a720b7, AuthenticationType: BizAgi, AuthenticationSubType:None, Message: ValidateRequest: Authentication:true, User enable, domain\admon, IP:127.0.0.1.
2020-11-08 22:56:27.667 None     INFO AUTHENTICATION------ SESSIONREQUEST------ Request ID:365951cf-bd8f-4b1b-ba0e-1eae27da5eef, AuthenticationType: BizAgi, AuthenticationSubType:None, Message: ValidateRequest: domain\admon, IP:127.0.0.1.
2020-11-08 22:56:27.667 None     INFO AUTHENTICATION------ SESSIONREQUEST------ Request ID:365951cf-bd8f-4b1b-ba0e-1eae27da5eef, AuthenticationType: BizAgi, AuthenticationSubType:None, Message: ValidateRequest: Authentication:true, User enable, domain\admon, IP:127.0.0.1.
2020-11-08 22:56:27.920 None     INFO AUTHENTICATION------ SESSIONREQUEST------ Request ID:08623138-c4a7-4b6e-8251-40c55bed43d5, AuthenticationType: BizAgi, AuthenticationSubType:None, Message: ValidateRequest: domain\admon, IP:127.0.0.1.
2020-11-08 22:56:27.920 None     INFO AUTHENTICATION------ SESSIONREQUEST------ Request ID:08623138-c4a7-4b6e-8251-40c55bed43d5, AuthenticationType: BizAgi, AuthenticationSubType:None, Message: ValidateRequest: Authentication:true, User enable, domain\admon, IP:127.0.0.1.
2020-11-08 22:56:27.920 None     INFO AUTHENTICATION------ SESSIONREQUEST------ Request ID:eca223c0-87e5-46f7-a8e8-d56bc681152c, AuthenticationType: BizAgi, AuthenticationSubType:None, Message: ValidateRequest: domain\admon, IP:127.0.0.1.
2020-11-08 22:56:27.921 None     INFO AUTHENTICATION------ SESSIONREQUEST------ Request ID:eca223c0-87e5-46f7-a8e8-d56bc681152c, AuthenticationType: BizAgi, AuthenticationSubType:None, Message: ValidateRequest: Authentication:true, User enable, domain\admon, IP:127.0.0.1.
2020-11-08 22:56:27.957 None     INFO AUTHENTICATION------ SESSIONREQUEST------ Request ID:8fd14131-f76a-4e99-ba1d-83285a10b8d2, AuthenticationType: BizAgi, AuthenticationSubType:None, Message: ValidateRequest: domain\admon, IP:127.0.0.1.
2020-11-08 22:56:27.957 None     INFO AUTHENTICATION------ SESSIONREQUEST------ Request ID:8fd14131-f76a-4e99-ba1d-83285a10b8d2, AuthenticationType: BizAgi, AuthenticationSubType:None, Message: ValidateRequest: Authentication:true, User enable, domain\admon, IP:127.0.0.1.
2020-11-08 22:56:29.069 None     INFO AUTHENTICATION------ SESSIONREQUEST------ Request ID:28369532-71f4-4a07-af71-ae8622a11a14, AuthenticationType: BizAgi, AuthenticationSubType:None, Message: ValidateRequest: domain\admon, IP:127.0.0.1.
2020-11-08 22:56:29.069 None     INFO AUTHENTICATION------ SESSIONREQUEST------ Request ID:28369532-71f4-4a07-af71-ae8622a11a14, AuthenticationType: BizAgi, AuthenticationSubType:None, Message: ValidateRequest: Authentication:true, User enable, domain\admon, IP:127.0.0.1.
2020-11-08 22:56:29.069 None     INFO AUTHENTICATION------ SESSIONREQUEST------ Request ID:fe0486a9-8933-4ebd-9c99-175faa7c9c2a, AuthenticationType: BizAgi, AuthenticationSubType:None, Message: ValidateRequest: domain\admon, IP:127.0.0.1.
2020-11-08 22:56:29.069 None     INFO AUTHENTICATION------ SESSIONREQUEST------ Request ID:fe0486a9-8933-4ebd-9c99-175faa7c9c2a, AuthenticationType: BizAgi, AuthenticationSubType:None, Message: ValidateRequest: Authentication:true, User enable, domain\admon, IP:127.0.0.1.
2020-11-08 22:56:29.401 None     INFO AUTHENTICATION------ SESSIONREQUEST------ Request ID:b036c379-6007-4d28-980a-993b029b5066, AuthenticationType: BizAgi, AuthenticationSubType:None, Message: ValidateRequest: domain\admon, IP:127.0.0.1.
2020-11-08 22:56:29.401 None     INFO AUTHENTICATION------ SESSIONREQUEST------ Request ID:b036c379-6007-4d28-980a-993b029b5066, AuthenticationType: BizAgi, AuthenticationSubType:None, Message: ValidateRequest: Authentication:true, User enable, domain\admon, IP:127.0.0.1.
2020-11-08 22:56:29.404 None     INFO AUTHENTICATION------ SESSIONREQUEST------ Request ID:1973df91-5a0b-46b3-8bed-6cebff704277, AuthenticationType: BizAgi, AuthenticationSubType:None, Message: ValidateRequest: domain\admon, IP:127.0.0.1.
2020-11-08 22:56:29.405 None     INFO AUTHENTICATION------ SESSIONREQUEST------ Request ID:1973df91-5a0b-46b3-8bed-6cebff704277, AuthenticationType: BizAgi, AuthenticationSubType:None, Message: ValidateRequest: Authentication:true, User enable, domain\admon, IP:127.0.0.1.
2020-11-08 22:56:29.446 None     INFO AUTHENTICATION------ SESSIONREQUEST------ Request ID:1156bfe1-8e67-45c6-90a7-f2a8603184d1, AuthenticationType: BizAgi, AuthenticationSubType:None, Message: ValidateRequest: domain\admon, IP:127.0.0.1.
2020-11-08 22:56:29.446 None     INFO AUTHENTICATION------ SESSIONREQUEST------ Request ID:1156bfe1-8e67-45c6-90a7-f2a8603184d1, AuthenticationType: BizAgi, AuthenticationSubType:None, Message: ValidateRequest: Authentication:true, User enable, domain\admon, IP:127.0.0.1.
2020-11-08 22:56:29.538 None     INFO AUTHENTICATION------ SESSIONREQUEST------ Request ID:20107c57-11c5-4f24-99f2-ee410143acf2, AuthenticationType: BizAgi, AuthenticationSubType:None, Message: ValidateRequest: domain\admon, IP:127.0.0.1.
2020-11-08 22:56:29.538 None     INFO AUTHENTICATION------ SESSIONREQUEST------ Request ID:20107c57-11c5-4f24-99f2-ee410143acf2, AuthenticationType: BizAgi, AuthenticationSubType:None, Message: ValidateRequest: Authentication:true, User enable, domain\admon, IP:127.0.0.1.
2020-11-08 22:56:29.653 None     INFO AUTHENTICATION------ SESSIONREQUEST------ Request ID:88b5bcf2-56fa-4307-8afd-48a3e6190425, AuthenticationType: BizAgi, AuthenticationSubType:None, Message: ValidateRequest: domain\admon, IP:127.0.0.1.
2020-11-08 22:56:29.653 None     INFO AUTHENTICATION------ SESSIONREQUEST------ Request ID:88b5bcf2-56fa-4307-8afd-48a3e6190425, AuthenticationType: BizAgi, AuthenticationSubType:None, Message: ValidateRequest: Authentication:true, User enable, domain\admon, IP:127.0.0.1.
2020-11-08 22:56:29.722 None     INFO AUTHENTICATION------ SESSIONREQUEST------ Request ID:f3193f31-dbd4-4fa6-b385-b753721dd61f, AuthenticationType: BizAgi, AuthenticationSubType:None, Message: ValidateRequest: domain\admon, IP:127.0.0.1.
2020-11-08 22:56:29.722 None     INFO AUTHENTICATION------ SESSIONREQUEST------ Request ID:f3193f31-dbd4-4fa6-b385-b753721dd61f, AuthenticationType: BizAgi, AuthenticationSubType:None, Message: ValidateRequest: Authentication:true, User enable, domain\admon, IP:127.0.0.1.
2020-11-08 22:56:29.738 None     INFO AUTHENTICATION------ SESSIONREQUEST------ Request ID:afab34cf-1a32-4a98-91dc-b5eafae1f8a8, AuthenticationType: BizAgi, AuthenticationSubType:None, Message: ValidateRequest: domain\admon, IP:127.0.0.1.
2020-11-08 22:56:29.738 None     INFO AUTHENTICATION------ SESSIONREQUEST------ Request ID:2e82f1b2-9637-4973-8938-54fc29c80b1e, AuthenticationType: BizAgi, AuthenticationSubType:None, Message: ValidateRequest: domain\admon, IP:127.0.0.1.
2020-11-08 22:56:29.738 None     INFO AUTHENTICATION------ SESSIONREQUEST------ Request ID:afab34cf-1a32-4a98-91dc-b5eafae1f8a8, AuthenticationType: BizAgi, AuthenticationSubType:None, Message: ValidateRequest: Authentication:true, User enable, domain\admon, IP:127.0.0.1.
2020-11-08 22:56:29.738 None     INFO AUTHENTICATION------ SESSIONREQUEST------ Request ID:2e82f1b2-9637-4973-8938-54fc29c80b1e, AuthenticationType: BizAgi, AuthenticationSubType:None, Message: ValidateRequest: Authentication:true, User enable, domain\admon, IP:127.0.0.1.
2020-11-08 22:56:29.738 None     INFO AUTHENTICATION------ SESSIONREQUEST------ Request ID:abe881c7-0d3e-4c26-8030-265b3a9de1fc, AuthenticationType: BizAgi, AuthenticationSubType:None, Message: ValidateRequest: domain\admon, IP:127.0.0.1.
2020-11-08 22:56:29.738 None     INFO AUTHENTICATION------ SESSIONREQUEST------ Request ID:abe881c7-0d3e-4c26-8030-265b3a9de1fc, AuthenticationType: BizAgi, AuthenticationSubType:None, Message: ValidateRequest: Authentication:true, User enable, domain\admon, IP:127.0.0.1.
2020-11-08 22:56:29.791 None     INFO AUTHENTICATION------ SESSIONREQUEST------ Request ID:b6c80e08-399b-4e75-a36b-c5b6fabab458, AuthenticationType: BizAgi, AuthenticationSubType:None, Message: ValidateRequest: domain\admon, IP:127.0.0.1.
2020-11-08 22:56:29.791 None     INFO AUTHENTICATION------ SESSIONREQUEST------ Request ID:b6c80e08-399b-4e75-a36b-c5b6fabab458, AuthenticationType: BizAgi, AuthenticationSubType:None, Message: ValidateRequest: Authentication:true, User enable, domain\admon, IP:127.0.0.1.
2020-11-08 22:56:30.178 None     INFO AUTHENTICATION------ SESSIONREQUEST------ Request ID:f07437ce-8e72-42de-8c84-ed2ed89158f8, AuthenticationType: BizAgi, AuthenticationSubType:None, Message: ValidateRequest: domain\admon, IP:127.0.0.1.
2020-11-08 22:56:30.178 None     INFO AUTHENTICATION------ SESSIONREQUEST------ Request ID:f07437ce-8e72-42de-8c84-ed2ed89158f8, AuthenticationType: BizAgi, AuthenticationSubType:None, Message: ValidateRequest: Authentication:true, User enable, domain\admon, IP:127.0.0.1.
2020-11-08 22:56:30.508 None     INFO AUTHENTICATION------ SESSIONREQUEST------ Request ID:232070dd-1f95-4832-bca9-6b0a62cfcc34, AuthenticationType: BizAgi, AuthenticationSubType:None, Message: ValidateRequest: domain\admon, IP:127.0.0.1.
2020-11-08 22:56:30.508 None     INFO AUTHENTICATION------ SESSIONREQUEST------ Request ID:232070dd-1f95-4832-bca9-6b0a62cfcc34, AuthenticationType: BizAgi, AuthenticationSubType:None, Message: ValidateRequest: Authentication:true, User enable, domain\admon, IP:127.0.0.1.
2020-11-08 22:56:30.534 None     INFO AUTHENTICATION------ SESSIONREQUEST------ Request ID:00d99256-6d0f-49a5-8198-bbe7869a4094, AuthenticationType: BizAgi, AuthenticationSubType:None, Message: ValidateRequest: domain\admon, IP:127.0.0.1.
2020-11-08 22:56:30.534 None     INFO AUTHENTICATION------ SESSIONREQUEST------ Request ID:00d99256-6d0f-49a5-8198-bbe7869a4094, AuthenticationType: BizAgi, AuthenticationSubType:None, Message: ValidateRequest: Authentication:true, User enable, domain\admon, IP:127.0.0.1.
2020-11-08 22:56:34.079 None     INFO AUTHENTICATION------ SESSIONREQUEST------ Request ID:c895a575-ffb4-40e0-9fb2-53100a24bfef, AuthenticationType: BizAgi, AuthenticationSubType:None, Message: ValidateRequest: domain\admon, IP:127.0.0.1.
2020-11-08 22:56:34.079 None     INFO AUTHENTICATION------ SESSIONREQUEST------ Request ID:c895a575-ffb4-40e0-9fb2-53100a24bfef, AuthenticationType: BizAgi, AuthenticationSubType:None, Message: ValidateRequest: Authentication:true, User enable, domain\admon, IP:127.0.0.1.
2020-11-08 22:56:34.118 None     INFO AUTHENTICATION------ SESSIONREQUEST------ Request ID:7fdf8ff2-c5eb-4296-8d67-5d441eec9287, AuthenticationType: BizAgi, AuthenticationSubType:None, Message: ValidateRequest: domain\admon, IP:127.0.0.1.
2020-11-08 22:56:34.118 None     INFO AUTHENTICATION------ SESSIONREQUEST------ Request ID:7fdf8ff2-c5eb-4296-8d67-5d441eec9287, AuthenticationType: BizAgi, AuthenticationSubType:None, Message: ValidateRequest: Authentication:true, User enable, domain\admon, IP:127.0.0.1.
2020-11-08 22:56:34.190 None     INFO AUTHENTICATION------ SESSIONREQUEST------ Request ID:973161cc-eb72-4242-a60a-d2b52d7ebd3c, AuthenticationType: BizAgi, AuthenticationSubType:None, Message: ValidateRequest: domain\admon, IP:127.0.0.1.
2020-11-08 22:56:34.191 None     INFO AUTHENTICATION------ SESSIONREQUEST------ Request ID:973161cc-eb72-4242-a60a-d2b52d7ebd3c, AuthenticationType: BizAgi, AuthenticationSubType:None, Message: ValidateRequest: Authentication:true, User enable, domain\admon, IP:127.0.0.1.
2020-11-08 22:56:34.218 None     INFO AUTHENTICATION------ SESSIONREQUEST------ Request ID:0a694d6d-e828-4291-8654-e95359460e0c, AuthenticationType: BizAgi, AuthenticationSubType:None, Message: ValidateRequest: domain\admon, IP:127.0.0.1.
2020-11-08 22:56:34.218 None     INFO AUTHENTICATION------ SESSIONREQUEST------ Request ID:0a694d6d-e828-4291-8654-e95359460e0c, AuthenticationType: BizAgi, AuthenticationSubType:None, Message: ValidateRequest: Authentication:true, User enable, domain\admon, IP:127.0.0.1.
2020-11-08 22:56:35.754 None     INFO AUTHENTICATION------ SESSIONREQUEST------ Request ID:717c4a3b-3af1-42a0-9961-a3fc75dcf65e, AuthenticationType: BizAgi, AuthenticationSubType:None, Message: ValidateRequest: domain\admon, IP:127.0.0.1.
2020-11-08 22:56:35.754 None     INFO AUTHENTICATION------ SESSIONREQUEST------ Request ID:717c4a3b-3af1-42a0-9961-a3fc75dcf65e, AuthenticationType: BizAgi, AuthenticationSubType:None, Message: ValidateRequest: Authentication:true, User enable, domain\admon, IP:127.0.0.1.
2020-11-08 22:56:35.754 None     INFO AUTHENTICATION------ SESSIONREQUEST------ Request ID:19c4fda7-30f2-4dbb-b196-4bac0921e089, AuthenticationType: BizAgi, AuthenticationSubType:None, Message: ValidateRequest: domain\admon, IP:127.0.0.1.
2020-11-08 22:56:35.754 None     INFO AUTHENTICATION------ SESSIONREQUEST------ Request ID:19c4fda7-30f2-4dbb-b196-4bac0921e089, AuthenticationType: BizAgi, AuthenticationSubType:None, Message: ValidateRequest: Authentication:true, User enable, domain\admon, IP:127.0.0.1.
2020-11-08 22:56:35.769 None     INFO AUTHENTICATION------ SESSIONREQUEST------ Request ID:9cccb9cc-b9e6-4b2d-a7ca-9476b6217559, AuthenticationType: BizAgi, AuthenticationSubType:None, Message: ValidateRequest: domain\admon, IP:127.0.0.1.
2020-11-08 22:56:35.769 None     INFO AUTHENTICATION------ SESSIONREQUEST------ Request ID:9cccb9cc-b9e6-4b2d-a7ca-9476b6217559, AuthenticationType: BizAgi, AuthenticationSubType:None, Message: ValidateRequest: Authentication:true, User enable, domain\admon, IP:127.0.0.1.
2020-11-08 22:56:35.807 None     INFO AUTHENTICATION------ SESSIONREQUEST------ Request ID:ceff8782-569a-4559-ba0a-6e5ee723350c, AuthenticationType: BizAgi, AuthenticationSubType:None, Message: ValidateRequest: domain\admon, IP:127.0.0.1.
2020-11-08 22:56:35.807 None     INFO AUTHENTICATION------ SESSIONREQUEST------ Request ID:ceff8782-569a-4559-ba0a-6e5ee723350c, AuthenticationType: BizAgi, AuthenticationSubType:None, Message: ValidateRequest: Authentication:true, User enable, domain\admon, IP:127.0.0.1.
2020-11-08 22:56:36.259 None     INFO AUTHENTICATION------ SESSIONREQUEST------ Request ID:8ac3cdf8-5254-4adf-a36a-a9c2aa1544bb, AuthenticationType: BizAgi, AuthenticationSubType:None, Message: ValidateRequest: domain\admon, IP:127.0.0.1.
2020-11-08 22:56:36.259 None     INFO AUTHENTICATION------ SESSIONREQUEST------ Request ID:8ac3cdf8-5254-4adf-a36a-a9c2aa1544bb, AuthenticationType: BizAgi, AuthenticationSubType:None, Message: ValidateRequest: Authentication:true, User enable, domain\admon, IP:127.0.0.1.
2020-11-08 22:56:36.274 None     INFO AUTHENTICATION------ SESSIONREQUEST------ Request ID:d1cd1108-fe45-402a-8e9c-cf499d5b5c3a, AuthenticationType: BizAgi, AuthenticationSubType:None, Message: ValidateRequest: domain\admon, IP:127.0.0.1.
2020-11-08 22:56:36.274 None     INFO AUTHENTICATION------ SESSIONREQUEST------ Request ID:d1cd1108-fe45-402a-8e9c-cf499d5b5c3a, AuthenticationType: BizAgi, AuthenticationSubType:None, Message: ValidateRequest: Authentication:true, User enable, domain\admon, IP:127.0.0.1.
2020-11-08 22:56:36.641 None     INFO AUTHENTICATION------ SESSIONREQUEST------ Request ID:3a264e17-783e-4545-b4e4-5b5159475826, AuthenticationType: BizAgi, AuthenticationSubType:None, Message: ValidateRequest: domain\admon, IP:127.0.0.1.
2020-11-08 22:56:36.641 None     INFO AUTHENTICATION------ SESSIONREQUEST------ Request ID:3a264e17-783e-4545-b4e4-5b5159475826, AuthenticationType: BizAgi, AuthenticationSubType:None, Message: ValidateRequest: Authentication:true, User enable, domain\admon, IP:127.0.0.1.
2020-11-08 22:56:36.656 None     INFO AUTHENTICATION------ SESSIONREQUEST------ Request ID:2c896a53-7fc7-4785-9767-3170eafe8983, AuthenticationType: BizAgi, AuthenticationSubType:None, Message: ValidateRequest: domain\admon, IP:127.0.0.1.
2020-11-08 22:56:36.656 None     INFO AUTHENTICATION------ SESSIONREQUEST------ Request ID:2c896a53-7fc7-4785-9767-3170eafe8983, AuthenticationType: BizAgi, AuthenticationSubType:None, Message: ValidateRequest: Authentication:true, User enable, domain\admon, IP:127.0.0.1.
2020-11-08 22:56:36.703 None     INFO AUTHENTICATION------ SESSIONREQUEST------ Request ID:08276c8b-e2e5-4c34-b3dc-77568e31094f, AuthenticationType: BizAgi, AuthenticationSubType:None, Message: ValidateRequest: domain\admon, IP:127.0.0.1.
2020-11-08 22:56:36.703 None     INFO AUTHENTICATION------ SESSIONREQUEST------ Request ID:08276c8b-e2e5-4c34-b3dc-77568e31094f, AuthenticationType: BizAgi, AuthenticationSubType:None, Message: ValidateRequest: Authentication:true, User enable, domain\admon, IP:127.0.0.1.
2020-11-08 22:56:36.757 None     INFO AUTHENTICATION------ SESSIONREQUEST------ Request ID:d98ea74f-9b5d-4d55-8137-86c703adee3a, AuthenticationType: BizAgi, AuthenticationSubType:None, Message: ValidateRequest: domain\admon, IP:127.0.0.1.
2020-11-08 22:56:36.757 None     INFO AUTHENTICATION------ SESSIONREQUEST------ Request ID:d98ea74f-9b5d-4d55-8137-86c703adee3a, AuthenticationType: BizAgi, AuthenticationSubType:None, Message: ValidateRequest: Authentication:true, User enable, domain\admon, IP:127.0.0.1.
2020-11-08 22:56:36.841 None     INFO AUTHENTICATION------ SESSIONREQUEST------ Request ID:dceea8a1-c569-44d2-9675-39cf418330a7, AuthenticationType: BizAgi, AuthenticationSubType:None, Message: ValidateRequest: domain\admon, IP:127.0.0.1.
2020-11-08 22:56:36.841 None     INFO AUTHENTICATION------ SESSIONREQUEST------ Request ID:dceea8a1-c569-44d2-9675-39cf418330a7, AuthenticationType: BizAgi, AuthenticationSubType:None, Message: ValidateRequest: Authentication:true, User enable, domain\admon, IP:127.0.0.1.
2020-11-08 22:56:36.926 None     INFO AUTHENTICATION------ SESSIONREQUEST------ Request ID:e7284974-8fe9-440d-8129-2f1e460140f0, AuthenticationType: BizAgi, AuthenticationSubType:None, Message: ValidateRequest: domain\admon, IP:127.0.0.1.
2020-11-08 22:56:36.926 None     INFO AUTHENTICATION------ SESSIONREQUEST------ Request ID:e7284974-8fe9-440d-8129-2f1e460140f0, AuthenticationType: BizAgi, AuthenticationSubType:None, Message: ValidateRequest: Authentication:true, User enable, domain\admon, IP:127.0.0.1.
2020-11-08 22:56:36.957 None     INFO AUTHENTICATION------ SESSIONREQUEST------ Request ID:483ae6e9-99d6-43a1-92a7-de01b544a023, AuthenticationType: BizAgi, AuthenticationSubType:None, Message: ValidateRequest: domain\admon, IP:127.0.0.1.
2020-11-08 22:56:36.957 None     INFO AUTHENTICATION------ SESSIONREQUEST------ Request ID:483ae6e9-99d6-43a1-92a7-de01b544a023, AuthenticationType: BizAgi, AuthenticationSubType:None, Message: ValidateRequest: Authentication:true, User enable, domain\admon, IP:127.0.0.1.
2020-11-08 22:56:37.057 None     INFO AUTHENTICATION------ SESSIONREQUEST------ Request ID:0cf07675-4cb5-47a9-b743-9fd31a1cda39, AuthenticationType: BizAgi, AuthenticationSubType:None, Message: ValidateRequest: domain\admon, IP:127.0.0.1.
2020-11-08 22:56:37.057 None     INFO AUTHENTICATION------ SESSIONREQUEST------ Request ID:0cf07675-4cb5-47a9-b743-9fd31a1cda39, AuthenticationType: BizAgi, AuthenticationSubType:None, Message: ValidateRequest: Authentication:true, User enable, domain\admon, IP:127.0.0.1.
2020-11-08 22:56:37.174 None     INFO AUTHENTICATION------ SESSIONREQUEST------ Request ID:0fc619f1-e596-45ea-86c2-b9207216a0bd, AuthenticationType: BizAgi, AuthenticationSubType:None, Message: ValidateRequest: domain\admon, IP:127.0.0.1.
2020-11-08 22:56:37.174 None     INFO AUTHENTICATION------ SESSIONREQUEST------ Request ID:0fc619f1-e596-45ea-86c2-b9207216a0bd, AuthenticationType: BizAgi, AuthenticationSubType:None, Message: ValidateRequest: Authentication:true, User enable, domain\admon, IP:127.0.0.1.
2020-11-08 22:56:37.243 None     INFO AUTHENTICATION------ SESSIONREQUEST------ Request ID:04f53b40-cf59-4098-8614-a751594d7f27, AuthenticationType: BizAgi, AuthenticationSubType:None, Message: ValidateRequest: domain\admon, IP:127.0.0.1.
2020-11-08 22:56:37.243 None     INFO AUTHENTICATION------ SESSIONREQUEST------ Request ID:04f53b40-cf59-4098-8614-a751594d7f27, AuthenticationType: BizAgi, AuthenticationSubType:None, Message: ValidateRequest: Authentication:true, User enable, domain\admon, IP:127.0.0.1.
2020-11-08 22:56:37.243 None     INFO AUTHENTICATION------ SESSIONREQUEST------ Request ID:d6fa6a25-9a74-4b53-ad70-e3e28cc0a172, AuthenticationType: BizAgi, AuthenticationSubType:None, Message: ValidateRequest: domain\admon, IP:127.0.0.1.
2020-11-08 22:56:37.243 None     INFO AUTHENTICATION------ SESSIONREQUEST------ Request ID:d6fa6a25-9a74-4b53-ad70-e3e28cc0a172, AuthenticationType: BizAgi, AuthenticationSubType:None, Message: ValidateRequest: Authentication:true, User enable, domain\admon, IP:127.0.0.1.
2020-11-08 22:56:37.259 None     INFO AUTHENTICATION------ SESSIONREQUEST------ Request ID:c22263e4-e242-45eb-9389-ba251eacfabe, AuthenticationType: BizAgi, AuthenticationSubType:None, Message: ValidateRequest: domain\admon, IP:127.0.0.1.
2020-11-08 22:56:37.259 None     INFO AUTHENTICATION------ SESSIONREQUEST------ Request ID:c22263e4-e242-45eb-9389-ba251eacfabe, AuthenticationType: BizAgi, AuthenticationSubType:None, Message: ValidateRequest: Authentication:true, User enable, domain\admon, IP:127.0.0.1.
2020-11-08 22:56:37.374 None     INFO AUTHENTICATION------ SESSIONREQUEST------ Request ID:04f53b40-cf59-4098-8614-a751594d7f27, AuthenticationType: BizAgi, AuthenticationSubType:None, Message: ValidateRequest: domain\admon, IP:127.0.0.1.
2020-11-08 22:56:37.374 None     INFO AUTHENTICATION------ SESSIONREQUEST------ Request ID:04f53b40-cf59-4098-8614-a751594d7f27, AuthenticationType: BizAgi, AuthenticationSubType:None, Message: ValidateRequest: Authentication:true, User enable, domain\admon, IP:127.0.0.1.
2020-11-08 22:56:37.390 None     INFO AUTHENTICATION------ SESSIONREQUEST------ Request ID:04f53b40-cf59-4098-8614-a751594d7f27, AuthenticationType: BizAgi, AuthenticationSubType:None, Message: ValidateRequest: domain\admon, IP:127.0.0.1.
2020-11-08 22:56:37.390 None     INFO AUTHENTICATION------ SESSIONREQUEST------ Request ID:04f53b40-cf59-4098-8614-a751594d7f27, AuthenticationType: BizAgi, AuthenticationSubType:None, Message: ValidateRequest: Authentication:true, User enable, domain\admon, IP:127.0.0.1.
2020-11-08 22:56:42.186 None     INFO AUTHENTICATION------ SESSIONREQUEST------ Request ID:0cd2eae0-7979-4504-81b2-fbbb4d037860, AuthenticationType: BizAgi, AuthenticationSubType:None, Message: ValidateRequest: domain\admon, IP:127.0.0.1.
2020-11-08 22:56:42.186 None     INFO AUTHENTICATION------ SESSIONREQUEST------ Request ID:0cd2eae0-7979-4504-81b2-fbbb4d037860, AuthenticationType: BizAgi, AuthenticationSubType:None, Message: ValidateRequest: Authentication:true, User enable, domain\admon, IP:127.0.0.1.
2020-11-08 22:56:42.202 None     INFO AUTHENTICATION------ SESSIONREQUEST------ Request ID:0cd2eae0-7979-4504-81b2-fbbb4d037860, AuthenticationType: BizAgi, AuthenticationSubType:None, Message: ValidateRequest: domain\admon, IP:127.0.0.1.
2020-11-08 22:56:42.202 None     INFO AUTHENTICATION------ SESSIONREQUEST------ Request ID:0cd2eae0-7979-4504-81b2-fbbb4d037860, AuthenticationType: BizAgi, AuthenticationSubType:None, Message: ValidateRequest: Authentication:true, User enable, domain\admon, IP:127.0.0.1.
2020-11-08 22:56:42.202 None     INFO AUTHENTICATION------ SESSIONREQUEST------ Request ID:0cd2eae0-7979-4504-81b2-fbbb4d037860, AuthenticationType: BizAgi, AuthenticationSubType:None, Message: ValidateRequest: domain\admon, IP:127.0.0.1.
2020-11-08 22:56:42.202 None     INFO AUTHENTICATION------ SESSIONREQUEST------ Request ID:0cd2eae0-7979-4504-81b2-fbbb4d037860, AuthenticationType: BizAgi, AuthenticationSubType:None, Message: ValidateRequest: Authentication:true, User enable, domain\admon, IP:127.0.0.1.
2020-11-08 22:56:42.324 None     INFO WORKFLOW------------ -------------------- BEGIN: Create Process Instance
2020-11-08 22:56:42.324 None     INFO WORKFLOW------------ --------------------  Begin transaction
2020-11-08 22:56:42.324 None     INFO WORKFLOW------------ --------------------  Get Process Definition
2020-11-08 22:56:42.640 None     INFO WORKFLOW------------ --------------------  Create Process: 1701
2020-11-08 22:56:42.640 None     INFO WORKFLOW------------ --------------------  Set case scope checkPoint
2020-11-08 22:56:43.141 None     INFO WORKFLOW------------ --------------------  BEGIN: Executing task id=8 Name=Beteg berkezse DisplayName=Beteg beérkezése on EventTypeOnEnter
2020-11-08 22:56:43.242 None     INFO RULES--------------- --------------------   START EXECUTING RULE True, ID 1000
2020-11-08 22:56:43.310 None     INFO RULES--------------- --------------------   END EXECUTING RULE True, ID 1000
2020-11-08 22:56:43.310 None     INFO WORKFLOW------------ --------------------   Executing transition id=4 Name=Element_1 DisplayName=
2020-11-08 22:56:43.326 None     INFO WORKFLOW------------ --------------------   BEGIN: Executing task id=8 Name=Beteg berkezse DisplayName=Beteg beérkezése on EventTypeOnExit
2020-11-08 22:56:43.342 None     INFO WORKFLOW------------ --------------------   END
2020-11-08 22:56:43.627 None     INFO WORKFLOW------------ --------------------  END
2020-11-08 22:56:43.627 None     INFO WORKFLOW------------ --------------------  Commit data
2020-11-08 22:56:43.705 None     INFO WORKFLOW------------ --------------------  Commit transaction
2020-11-08 22:56:43.774 None     INFO WORKFLOW------------ -------------------- END
2020-11-08 22:56:43.827 None     INFO AUTHENTICATION------ SESSIONREQUEST------ Request ID:73e2db89-2cd2-4dc8-850a-344a9e7549af, AuthenticationType: BizAgi, AuthenticationSubType:None, Message: ValidateRequest: domain\admon, IP:127.0.0.1.
2020-11-08 22:56:43.827 None     INFO AUTHENTICATION------ SESSIONREQUEST------ Request ID:73e2db89-2cd2-4dc8-850a-344a9e7549af, AuthenticationType: BizAgi, AuthenticationSubType:None, Message: ValidateRequest: Authentication:true, User enable, domain\admon, IP:127.0.0.1.
2020-11-08 22:56:43.905 None     INFO AUTHENTICATION------ SESSIONREQUEST------ Request ID:69d7187d-d815-4c22-843e-9298a469fb19, AuthenticationType: BizAgi, AuthenticationSubType:None, Message: ValidateRequest: domain\admon, IP:127.0.0.1.
2020-11-08 22:56:43.905 None     INFO AUTHENTICATION------ SESSIONREQUEST------ Request ID:69d7187d-d815-4c22-843e-9298a469fb19, AuthenticationType: BizAgi, AuthenticationSubType:None, Message: ValidateRequest: Authentication:true, User enable, domain\admon, IP:127.0.0.1.
2020-11-08 22:56:44.443 None     INFO AUTHENTICATION------ SESSIONREQUEST------ Request ID:934dbac5-9bb0-43a9-ae1b-06a5f15199a5, AuthenticationType: BizAgi, AuthenticationSubType:None, Message: ValidateRequest: domain\admon, IP:127.0.0.1.
2020-11-08 22:56:44.443 None     INFO AUTHENTICATION------ SESSIONREQUEST------ Request ID:934dbac5-9bb0-43a9-ae1b-06a5f15199a5, AuthenticationType: BizAgi, AuthenticationSubType:None, Message: ValidateRequest: Authentication:true, User enable, domain\admon, IP:127.0.0.1.
2020-11-08 22:56:44.443 None     INFO AUTHENTICATION------ SESSIONREQUEST------ Request ID:d3eda271-d212-4265-a611-542712704429, AuthenticationType: BizAgi, AuthenticationSubType:None, Message: ValidateRequest: domain\admon, IP:127.0.0.1.
2020-11-08 22:56:44.443 None     INFO AUTHENTICATION------ SESSIONREQUEST------ Request ID:d3eda271-d212-4265-a611-542712704429, AuthenticationType: BizAgi, AuthenticationSubType:None, Message: ValidateRequest: Authentication:true, User enable, domain\admon, IP:127.0.0.1.
2020-11-08 22:56:44.828 None     INFO AUTHENTICATION------ SESSIONREQUEST------ Request ID:99f35963-ad04-4d68-9250-eb60327fe428, AuthenticationType: BizAgi, AuthenticationSubType:None, Message: ValidateRequest: domain\admon, IP:127.0.0.1.
2020-11-08 22:56:44.828 None     INFO AUTHENTICATION------ SESSIONREQUEST------ Request ID:99f35963-ad04-4d68-9250-eb60327fe428, AuthenticationType: BizAgi, AuthenticationSubType:None, Message: ValidateRequest: Authentication:true, User enable, domain\admon, IP:127.0.0.1.
2020-11-08 22:56:44.890 None     INFO AUTHENTICATION------ SESSIONREQUEST------ Request ID:5847f9a2-bf91-45f5-8687-bd94845a349e, AuthenticationType: BizAgi, AuthenticationSubType:None, Message: ValidateRequest: domain\admon, IP:127.0.0.1.
2020-11-08 22:56:44.890 None     INFO AUTHENTICATION------ SESSIONREQUEST------ Request ID:5847f9a2-bf91-45f5-8687-bd94845a349e, AuthenticationType: BizAgi, AuthenticationSubType:None, Message: ValidateRequest: Authentication:true, User enable, domain\admon, IP:127.0.0.1.
2020-11-08 22:56:45.175 None     INFO AUTHENTICATION------ SESSIONREQUEST------ Request ID:71ba9227-79fa-4b05-b1bb-213f3f198ed3, AuthenticationType: BizAgi, AuthenticationSubType:None, Message: ValidateRequest: domain\admon, IP:127.0.0.1.
2020-11-08 22:56:45.175 None     INFO AUTHENTICATION------ SESSIONREQUEST------ Request ID:71ba9227-79fa-4b05-b1bb-213f3f198ed3, AuthenticationType: BizAgi, AuthenticationSubType:None, Message: ValidateRequest: Authentication:true, User enable, domain\admon, IP:127.0.0.1.
2020-11-08 22:56:45.175 None     INFO AUTHENTICATION------ SESSIONREQUEST------ Request ID:71ba9227-79fa-4b05-b1bb-213f3f198ed3, AuthenticationType: BizAgi, AuthenticationSubType:None, Message: ValidateRequest: domain\admon, IP:127.0.0.1.
2020-11-08 22:56:45.175 None     INFO AUTHENTICATION------ SESSIONREQUEST------ Request ID:71ba9227-79fa-4b05-b1bb-213f3f198ed3, AuthenticationType: BizAgi, AuthenticationSubType:None, Message: ValidateRequest: Authentication:true, User enable, domain\admon, IP:127.0.0.1.
2020-11-08 22:56:45.175 None     INFO AUTHENTICATION------ SESSIONREQUEST------ Request ID:71ba9227-79fa-4b05-b1bb-213f3f198ed3, AuthenticationType: BizAgi, AuthenticationSubType:None, Message: ValidateRequest: domain\admon, IP:127.0.0.1.
2020-11-08 22:56:45.175 None     INFO AUTHENTICATION------ SESSIONREQUEST------ Request ID:71ba9227-79fa-4b05-b1bb-213f3f198ed3, AuthenticationType: BizAgi, AuthenticationSubType:None, Message: ValidateRequest: Authentication:true, User enable, domain\admon, IP:127.0.0.1.
2020-11-08 22:56:45.260 None     INFO AUTHENTICATION------ SESSIONREQUEST------ Request ID:a9d10e0d-6c75-47ca-9187-65414ddafcf0, AuthenticationType: BizAgi, AuthenticationSubType:None, Message: ValidateRequest: domain\admon, IP:127.0.0.1.
2020-11-08 22:56:45.260 None     INFO AUTHENTICATION------ SESSIONREQUEST------ Request ID:a9d10e0d-6c75-47ca-9187-65414ddafcf0, AuthenticationType: BizAgi, AuthenticationSubType:None, Message: ValidateRequest: Authentication:true, User enable, domain\admon, IP:127.0.0.1.
2020-11-08 22:56:45.260 None     INFO AUTHENTICATION------ SESSIONREQUEST------ Request ID:ff1116bf-bd2a-4f3d-adf7-9278f1e73d2c, AuthenticationType: BizAgi, AuthenticationSubType:None, Message: ValidateRequest: domain\admon, IP:127.0.0.1.
2020-11-08 22:56:45.260 None     INFO AUTHENTICATION------ SESSIONREQUEST------ Request ID:ff1116bf-bd2a-4f3d-adf7-9278f1e73d2c, AuthenticationType: BizAgi, AuthenticationSubType:None, Message: ValidateRequest: Authentication:true, User enable, domain\admon, IP:127.0.0.1.
2020-11-08 22:56:45.761 None     INFO AUTHENTICATION------ SESSIONREQUEST------ Request ID:e21254a7-5758-4419-aead-65dc2fd4fff5, AuthenticationType: BizAgi, AuthenticationSubType:None, Message: ValidateRequest: domain\admon, IP:127.0.0.1.
2020-11-08 22:56:45.761 None     INFO AUTHENTICATION------ SESSIONREQUEST------ Request ID:e21254a7-5758-4419-aead-65dc2fd4fff5, AuthenticationType: BizAgi, AuthenticationSubType:None, Message: ValidateRequest: Authentication:true, User enable, domain\admon, IP:127.0.0.1.
2020-11-08 22:56:45.761 None     INFO AUTHENTICATION------ SESSIONREQUEST------ Request ID:9ab9c563-233c-4959-be97-7a1165cfd071, AuthenticationType: BizAgi, AuthenticationSubType:None, Message: ValidateRequest: domain\admon, IP:127.0.0.1.
2020-11-08 22:56:45.761 None     INFO AUTHENTICATION------ SESSIONREQUEST------ Request ID:9ab9c563-233c-4959-be97-7a1165cfd071, AuthenticationType: BizAgi, AuthenticationSubType:None, Message: ValidateRequest: Authentication:true, User enable, domain\admon, IP:127.0.0.1.
2020-11-08 22:56:45.792 None     INFO AUTHENTICATION------ SESSIONREQUEST------ Request ID:73054647-4861-4f6e-ae25-19cb632b89a6, AuthenticationType: BizAgi, AuthenticationSubType:None, Message: ValidateRequest: domain\admon, IP:127.0.0.1.
2020-11-08 22:56:45.792 None     INFO AUTHENTICATION------ SESSIONREQUEST------ Request ID:73054647-4861-4f6e-ae25-19cb632b89a6, AuthenticationType: BizAgi, AuthenticationSubType:None, Message: ValidateRequest: Authentication:true, User enable, domain\admon, IP:127.0.0.1.
2020-11-08 22:56:45.892 None     INFO AUTHENTICATION------ SESSIONREQUEST------ Request ID:b4e81a6a-5d76-4d32-84e5-2787facfbd5d, AuthenticationType: BizAgi, AuthenticationSubType:None, Message: ValidateRequest: domain\admon, IP:127.0.0.1.
2020-11-08 22:56:45.892 None     INFO AUTHENTICATION------ SESSIONREQUEST------ Request ID:b4e81a6a-5d76-4d32-84e5-2787facfbd5d, AuthenticationType: BizAgi, AuthenticationSubType:None, Message: ValidateRequest: Authentication:true, User enable, domain\admon, IP:127.0.0.1.
2020-11-08 22:56:45.892 None     INFO AUTHENTICATION------ SESSIONREQUEST------ Request ID:235fa83e-f1f7-4a40-b957-fc24ea6c207f, AuthenticationType: BizAgi, AuthenticationSubType:None, Message: ValidateRequest: domain\admon, IP:127.0.0.1.
2020-11-08 22:56:45.892 None     INFO AUTHENTICATION------ SESSIONREQUEST------ Request ID:235fa83e-f1f7-4a40-b957-fc24ea6c207f, AuthenticationType: BizAgi, AuthenticationSubType:None, Message: ValidateRequest: Authentication:true, User enable, domain\admon, IP:127.0.0.1.
2020-11-08 22:56:45.923 None     INFO AUTHENTICATION------ SESSIONREQUEST------ Request ID:df1040cd-0ac6-4fd4-8f58-ef040ddc36a4, AuthenticationType: BizAgi, AuthenticationSubType:None, Message: ValidateRequest: domain\admon, IP:127.0.0.1.
2020-11-08 22:56:45.923 None     INFO AUTHENTICATION------ SESSIONREQUEST------ Request ID:df1040cd-0ac6-4fd4-8f58-ef040ddc36a4, AuthenticationType: BizAgi, AuthenticationSubType:None, Message: ValidateRequest: Authentication:true, User enable, domain\admon, IP:127.0.0.1.
2020-11-08 22:56:45.923 None     INFO AUTHENTICATION------ SESSIONREQUEST------ Request ID:12e17ebb-1fc5-405c-b911-2c355e3f9c37, AuthenticationType: BizAgi, AuthenticationSubType:None, Message: ValidateRequest: domain\admon, IP:127.0.0.1.
2020-11-08 22:56:45.923 None     INFO AUTHENTICATION------ SESSIONREQUEST------ Request ID:280a5273-73f5-4da0-9b0d-18ada7b88f1d, AuthenticationType: BizAgi, AuthenticationSubType:None, Message: ValidateRequest: domain\admon, IP:127.0.0.1.
2020-11-08 22:56:45.923 None     INFO AUTHENTICATION------ SESSIONREQUEST------ Request ID:12e17ebb-1fc5-405c-b911-2c355e3f9c37, AuthenticationType: BizAgi, AuthenticationSubType:None, Message: ValidateRequest: Authentication:true, User enable, domain\admon, IP:127.0.0.1.
2020-11-08 22:56:45.923 None     INFO AUTHENTICATION------ SESSIONREQUEST------ Request ID:280a5273-73f5-4da0-9b0d-18ada7b88f1d, AuthenticationType: BizAgi, AuthenticationSubType:None, Message: ValidateRequest: Authentication:true, User enable, domain\admon, IP:127.0.0.1.
2020-11-08 22:56:52.306 None     INFO AUTHENTICATION------ SESSIONREQUEST------ Request ID:79eb2f32-f8ef-42dd-a3ff-fb3aa8fa07b8, AuthenticationType: BizAgi, AuthenticationSubType:None, Message: ValidateRequest: domain\admon, IP:127.0.0.1.
2020-11-08 22:56:52.306 None     INFO AUTHENTICATION------ SESSIONREQUEST------ Request ID:79eb2f32-f8ef-42dd-a3ff-fb3aa8fa07b8, AuthenticationType: BizAgi, AuthenticationSubType:None, Message: ValidateRequest: Authentication:true, User enable, domain\admon, IP:127.0.0.1.
2020-11-08 22:56:52.306 None     INFO AUTHENTICATION------ SESSIONREQUEST------ Request ID:79eb2f32-f8ef-42dd-a3ff-fb3aa8fa07b8, AuthenticationType: BizAgi, AuthenticationSubType:None, Message: ValidateRequest: domain\admon, IP:127.0.0.1.
2020-11-08 22:56:52.306 None     INFO AUTHENTICATION------ SESSIONREQUEST------ Request ID:79eb2f32-f8ef-42dd-a3ff-fb3aa8fa07b8, AuthenticationType: BizAgi, AuthenticationSubType:None, Message: ValidateRequest: Authentication:true, User enable, domain\admon, IP:127.0.0.1.
2020-11-08 22:56:52.306 None     INFO AUTHENTICATION------ SESSIONREQUEST------ Request ID:79eb2f32-f8ef-42dd-a3ff-fb3aa8fa07b8, AuthenticationType: BizAgi, AuthenticationSubType:None, Message: ValidateRequest: domain\admon, IP:127.0.0.1.
2020-11-08 22:56:52.306 None     INFO AUTHENTICATION------ SESSIONREQUEST------ Request ID:79eb2f32-f8ef-42dd-a3ff-fb3aa8fa07b8, AuthenticationType: BizAgi, AuthenticationSubType:None, Message: ValidateRequest: Authentication:true, User enable, domain\admon, IP:127.0.0.1.
2020-11-08 22:56:52.544 None     INFO WORKFLOW------------ -------------------- BEGIN: CWorkflowManager.internal_doWorkItemById :: WorkItemId=2852 - ProcId=1701 - User=-1
2020-11-08 22:56:52.544 None     INFO WORKFLOW------------ --------------------  internal_doWorkItemById :: preOperationLoad
2020-11-08 22:56:52.544 None     INFO WORKFLOW------------ --------------------  internal_doWorkItemById :: beginTransaction
2020-11-08 22:56:52.544 None     INFO WORKFLOW------------ --------------------  internal_doWorkItemById :: CProcessManager.getProcessInstance
2020-11-08 22:56:52.544 None     INFO WORKFLOW------------ --------------------  internal_doWorkItemById :: checkForProcessActivation
2020-11-08 22:56:52.544 None     INFO WORKFLOW------------ --------------------  internal_doWorkItemById :: process.persistProcess
2020-11-08 22:56:52.544 None     INFO WORKFLOW------------ --------------------  internal_doWorkItemById :: process.ProcessState=Running
2020-11-08 22:56:52.544 None     INFO WORKFLOW------------ --------------------  internal_doWorkItemById :: process.doWorkItemById(idWorkitem, appEntity, alTransitionIds)
2020-11-08 22:56:52.560 None     INFO WORKFLOW------------ --------------------  activating workitem
2020-11-08 22:56:52.560 None     INFO RULES--------------- --------------------  START EXECUTING RULE True, ID 1000
2020-11-08 22:56:52.560 None     INFO RULES--------------- --------------------  END EXECUTING RULE True, ID 1000
2020-11-08 22:56:52.560 None     INFO WORKFLOW------------ --------------------  Executing transition id=41 Name=Element_24 DisplayName=
2020-11-08 22:56:52.780 None     INFO WORKFLOW------------ --------------------  internal_doWorkItemById :: postOperationSave
2020-11-08 22:56:52.780 None     INFO WORKFLOW------------ --------------------  internal_doWorkItemById :: commitTransaction
2020-11-08 22:56:52.796 None     INFO WORKFLOW------------ -------------------- END
2020-11-08 22:56:52.827 None     INFO AUTHENTICATION------ SESSIONREQUEST------ Request ID:7cf34d4e-daa3-402e-b6c5-a18ef076bf04, AuthenticationType: BizAgi, AuthenticationSubType:None, Message: ValidateRequest: domain\admon, IP:127.0.0.1.
2020-11-08 22:56:52.827 None     INFO AUTHENTICATION------ SESSIONREQUEST------ Request ID:7cf34d4e-daa3-402e-b6c5-a18ef076bf04, AuthenticationType: BizAgi, AuthenticationSubType:None, Message: ValidateRequest: Authentication:true, User enable, domain\admon, IP:127.0.0.1.
2020-11-08 22:56:52.865 None     INFO RULES--------------- -------------------- START EXECUTING RULE True, ID 1000
2020-11-08 22:56:52.865 None     INFO RULES--------------- -------------------- END EXECUTING RULE True, ID 1000
2020-11-08 22:56:52.865 None     INFO WORKFLOW------------ -------------------- Executing transition id=49 Name=Element_30 DisplayName=
2020-11-08 22:56:52.959 None     INFO AUTHENTICATION------ SESSIONREQUEST------ Request ID:3b8b64cf-9ed2-4ab5-b3b0-89524963eb6b, AuthenticationType: BizAgi, AuthenticationSubType:None, Message: ValidateRequest: domain\admon, IP:127.0.0.1.
2020-11-08 22:56:52.959 None     INFO AUTHENTICATION------ SESSIONREQUEST------ Request ID:3b8b64cf-9ed2-4ab5-b3b0-89524963eb6b, AuthenticationType: BizAgi, AuthenticationSubType:None, Message: ValidateRequest: Authentication:true, User enable, domain\admon, IP:127.0.0.1.
2020-11-08 22:56:53.228 None     INFO CONNECTORS---------- INTERFACES---------- Bizagi SOA Request Mapping
2020-11-08 22:56:53.297 None     INFO CONNECTORS---------- INTERFACES---------- Bizagi SOA Request
2020-11-08 22:56:53.382 None     INFO CONNECTORS---------- INTERFACES---------- Bizagi SOA Request Transformed
2020-11-08 22:56:53.641 None     INFO CONNECTORS---------- INTERFACES---------- Bizagi SOA Response Mapping
2020-11-08 22:56:53.651 None     INFO CONNECTORS---------- INTERFACES---------- Bizagi SOA Response
2020-11-08 22:56:53.698 None     INFO CONNECTORS---------- INTERFACES---------- Bizagi SOA Response Transformed
2020-11-08 22:56:53.814 None     INFO WORKFLOW------------ -------------------- BEGIN: Executing task id=52 Name=Gateway_1 DisplayName= on EventTypeOnEnter
2020-11-08 22:56:54.032 None     INFO RULES--------------- --------------------  BEGIN: Policy Name=BOOLEANEXPRESSION
2020-11-08 22:56:54.032 None     INFO RULES--------------- --------------------   Start Time:11/8/2020 10:56:54 PM
2020-11-08 22:56:54.048 None     INFO RULES--------------- --------------------   [Evaluating Boolean Expression 0 - BoolExp13738]
2020-11-08 22:56:54.048 None     INFO RULES--------------- --------------------   	Evaluating conditions with AND
2020-11-08 22:56:54.048 None     INFO RULES--------------- --------------------   		Evaluating Operator is empty with the following parameters:
2020-11-08 22:56:54.048 None     INFO RULES--------------- --------------------   		Parameter 0 --> [EKG_QRS_BPM.Betegadatok.Nev] --> [Dózsa Györgyné]
2020-11-08 22:56:54.048 None     INFO RULES--------------- --------------------   		Condition <EKG_QRS_BPM.Betegadatok.Nev is empty> result is FALSE
2020-11-08 22:56:54.048 None     INFO RULES--------------- --------------------   Chrono Summary
2020-11-08 22:56:54.048 None     INFO RULES--------------- --------------------  END
2020-11-08 22:56:54.048 None     INFO RULES--------------- --------------------  BEGIN: Policy Name=BOOLEANEXPRESSION
2020-11-08 22:56:54.048 None     INFO RULES--------------- --------------------   Start Time:11/8/2020 10:56:54 PM
2020-11-08 22:56:54.048 None     INFO RULES--------------- --------------------   [Evaluating Boolean Expression 0 - BoolExp67978]
2020-11-08 22:56:54.048 None     INFO RULES--------------- --------------------   	Evaluating conditions with AND
2020-11-08 22:56:54.048 None     INFO RULES--------------- --------------------   		Evaluating Operator is not empty with the following parameters:
2020-11-08 22:56:54.048 None     INFO RULES--------------- --------------------   		Parameter 0 --> [EKG_QRS_BPM.Betegadatok.Nev] --> [Dózsa Györgyné]
2020-11-08 22:56:54.048 None     INFO RULES--------------- --------------------   		Condition <EKG_QRS_BPM.Betegadatok.Nev is not empty> result is TRUE
2020-11-08 22:56:54.048 None     INFO RULES--------------- --------------------   Chrono Summary
2020-11-08 22:56:54.048 None     INFO RULES--------------- --------------------  END
2020-11-08 22:56:54.048 None     INFO WORKFLOW------------ --------------------  Executing transition id=48 Name=Element_31 DisplayName=
2020-11-08 22:56:54.048 None     INFO WORKFLOW------------ --------------------  BEGIN: Executing task id=52 Name=Gateway_1 DisplayName= on EventTypeOnExit
2020-11-08 22:56:54.048 None     INFO WORKFLOW------------ --------------------  END
2020-11-08 22:56:54.095 None     INFO WORKFLOW------------ -------------------- END
2020-11-08 22:56:56.007 None     INFO AUTHENTICATION------ SESSIONREQUEST------ Request ID:9e6da195-c672-482e-8e9f-76ac0dcb2fd5, AuthenticationType: BizAgi, AuthenticationSubType:None, Message: ValidateRequest: domain\admon, IP:127.0.0.1.
2020-11-08 22:56:56.007 None     INFO AUTHENTICATION------ SESSIONREQUEST------ Request ID:9e6da195-c672-482e-8e9f-76ac0dcb2fd5, AuthenticationType: BizAgi, AuthenticationSubType:None, Message: ValidateRequest: Authentication:true, User enable, domain\admon, IP:127.0.0.1.
2020-11-08 22:56:56.039 None     INFO AUTHENTICATION------ SESSIONREQUEST------ Request ID:45619cb4-c287-453d-9e56-46cd2160dd73, AuthenticationType: BizAgi, AuthenticationSubType:None, Message: ValidateRequest: domain\admon, IP:127.0.0.1.
2020-11-08 22:56:56.039 None     INFO AUTHENTICATION------ SESSIONREQUEST------ Request ID:45619cb4-c287-453d-9e56-46cd2160dd73, AuthenticationType: BizAgi, AuthenticationSubType:None, Message: ValidateRequest: Authentication:true, User enable, domain\admon, IP:127.0.0.1.
2020-11-08 22:56:56.054 None     INFO AUTHENTICATION------ SESSIONREQUEST------ Request ID:51694f14-a94f-483d-97a8-b5d55750d522, AuthenticationType: BizAgi, AuthenticationSubType:None, Message: ValidateRequest: domain\admon, IP:127.0.0.1.
2020-11-08 22:56:56.054 None     INFO AUTHENTICATION------ SESSIONREQUEST------ Request ID:51694f14-a94f-483d-97a8-b5d55750d522, AuthenticationType: BizAgi, AuthenticationSubType:None, Message: ValidateRequest: Authentication:true, User enable, domain\admon, IP:127.0.0.1.
2020-11-08 22:56:56.085 None     INFO AUTHENTICATION------ SESSIONREQUEST------ Request ID:7f86ebbc-5546-4831-b6aa-d68067cc9d54, AuthenticationType: BizAgi, AuthenticationSubType:None, Message: ValidateRequest: domain\admon, IP:127.0.0.1.
2020-11-08 22:56:56.085 None     INFO AUTHENTICATION------ SESSIONREQUEST------ Request ID:7f86ebbc-5546-4831-b6aa-d68067cc9d54, AuthenticationType: BizAgi, AuthenticationSubType:None, Message: ValidateRequest: Authentication:true, User enable, domain\admon, IP:127.0.0.1.
2020-11-08 22:56:56.085 None     INFO AUTHENTICATION------ SESSIONREQUEST------ Request ID:9e4e4ee3-1b72-4d16-95f2-ba043fc944e2, AuthenticationType: BizAgi, AuthenticationSubType:None, Message: ValidateRequest: domain\admon, IP:127.0.0.1.
2020-11-08 22:56:56.085 None     INFO AUTHENTICATION------ SESSIONREQUEST------ Request ID:9e4e4ee3-1b72-4d16-95f2-ba043fc944e2, AuthenticationType: BizAgi, AuthenticationSubType:None, Message: ValidateRequest: Authentication:true, User enable, domain\admon, IP:127.0.0.1.
2020-11-08 22:56:56.139 None     INFO AUTHENTICATION------ SESSIONREQUEST------ Request ID:71587100-d2d8-4294-ade7-7369db66824e, AuthenticationType: BizAgi, AuthenticationSubType:None, Message: ValidateRequest: domain\admon, IP:127.0.0.1.
2020-11-08 22:56:56.139 None     INFO AUTHENTICATION------ SESSIONREQUEST------ Request ID:71587100-d2d8-4294-ade7-7369db66824e, AuthenticationType: BizAgi, AuthenticationSubType:None, Message: ValidateRequest: Authentication:true, User enable, domain\admon, IP:127.0.0.1.
2020-11-08 22:56:56.301 None     INFO AUTHENTICATION------ SESSIONREQUEST------ Request ID:bee38abc-e3b5-44f1-9687-cc3f34159192, AuthenticationType: BizAgi, AuthenticationSubType:None, Message: ValidateRequest: domain\admon, IP:127.0.0.1.
2020-11-08 22:56:56.307 None     INFO AUTHENTICATION------ SESSIONREQUEST------ Request ID:bee38abc-e3b5-44f1-9687-cc3f34159192, AuthenticationType: BizAgi, AuthenticationSubType:None, Message: ValidateRequest: Authentication:true, User enable, domain\admon, IP:127.0.0.1.
2020-11-08 22:56:56.307 None     INFO AUTHENTICATION------ SESSIONREQUEST------ Request ID:bee38abc-e3b5-44f1-9687-cc3f34159192, AuthenticationType: BizAgi, AuthenticationSubType:None, Message: ValidateRequest: domain\admon, IP:127.0.0.1.
2020-11-08 22:56:56.307 None     INFO AUTHENTICATION------ SESSIONREQUEST------ Request ID:bee38abc-e3b5-44f1-9687-cc3f34159192, AuthenticationType: BizAgi, AuthenticationSubType:None, Message: ValidateRequest: Authentication:true, User enable, domain\admon, IP:127.0.0.1.
2020-11-08 22:56:56.307 None     INFO AUTHENTICATION------ SESSIONREQUEST------ Request ID:bee38abc-e3b5-44f1-9687-cc3f34159192, AuthenticationType: BizAgi, AuthenticationSubType:None, Message: ValidateRequest: domain\admon, IP:127.0.0.1.
2020-11-08 22:56:56.307 None     INFO AUTHENTICATION------ SESSIONREQUEST------ Request ID:bee38abc-e3b5-44f1-9687-cc3f34159192, AuthenticationType: BizAgi, AuthenticationSubType:None, Message: ValidateRequest: Authentication:true, User enable, domain\admon, IP:127.0.0.1.
2020-11-08 22:56:56.371 None     INFO AUTHENTICATION------ SESSIONREQUEST------ Request ID:3aa68f0d-3466-45d6-9edc-8f2b83acb21e, AuthenticationType: BizAgi, AuthenticationSubType:None, Message: ValidateRequest: domain\admon, IP:127.0.0.1.
2020-11-08 22:56:56.371 None     INFO AUTHENTICATION------ SESSIONREQUEST------ Request ID:3aa68f0d-3466-45d6-9edc-8f2b83acb21e, AuthenticationType: BizAgi, AuthenticationSubType:None, Message: ValidateRequest: Authentication:true, User enable, domain\admon, IP:127.0.0.1.
2020-11-08 22:56:56.379 None     INFO AUTHENTICATION------ SESSIONREQUEST------ Request ID:e34ecdb1-ded9-4261-8036-d57299f41068, AuthenticationType: BizAgi, AuthenticationSubType:None, Message: ValidateRequest: domain\admon, IP:127.0.0.1.
2020-11-08 22:56:56.379 None     INFO AUTHENTICATION------ SESSIONREQUEST------ Request ID:e34ecdb1-ded9-4261-8036-d57299f41068, AuthenticationType: BizAgi, AuthenticationSubType:None, Message: ValidateRequest: Authentication:true, User enable, domain\admon, IP:127.0.0.1.
2020-11-08 22:56:56.639 None     INFO AUTHENTICATION------ SESSIONREQUEST------ Request ID:d2037537-e990-47d4-98fd-8be2bc2ab841, AuthenticationType: BizAgi, AuthenticationSubType:None, Message: ValidateRequest: domain\admon, IP:127.0.0.1.
2020-11-08 22:56:56.639 None     INFO AUTHENTICATION------ SESSIONREQUEST------ Request ID:d2037537-e990-47d4-98fd-8be2bc2ab841, AuthenticationType: BizAgi, AuthenticationSubType:None, Message: ValidateRequest: Authentication:true, User enable, domain\admon, IP:127.0.0.1.
2020-11-08 22:56:56.639 None     INFO AUTHENTICATION------ SESSIONREQUEST------ Request ID:2912c015-b42f-469d-ae98-480ed501e758, AuthenticationType: BizAgi, AuthenticationSubType:None, Message: ValidateRequest: domain\admon, IP:127.0.0.1.
2020-11-08 22:56:56.639 None     INFO AUTHENTICATION------ SESSIONREQUEST------ Request ID:2912c015-b42f-469d-ae98-480ed501e758, AuthenticationType: BizAgi, AuthenticationSubType:None, Message: ValidateRequest: Authentication:true, User enable, domain\admon, IP:127.0.0.1.
2020-11-08 22:56:56.670 None     INFO AUTHENTICATION------ SESSIONREQUEST------ Request ID:dcd5d56c-321d-4a80-a605-ed063371a94f, AuthenticationType: BizAgi, AuthenticationSubType:None, Message: ValidateRequest: domain\admon, IP:127.0.0.1.
2020-11-08 22:56:56.670 None     INFO AUTHENTICATION------ SESSIONREQUEST------ Request ID:dcd5d56c-321d-4a80-a605-ed063371a94f, AuthenticationType: BizAgi, AuthenticationSubType:None, Message: ValidateRequest: Authentication:true, User enable, domain\admon, IP:127.0.0.1.
2020-11-08 22:56:56.686 None     INFO AUTHENTICATION------ SESSIONREQUEST------ Request ID:5f14a91f-2627-4b67-bdeb-2d47c63b9513, AuthenticationType: BizAgi, AuthenticationSubType:None, Message: ValidateRequest: domain\admon, IP:127.0.0.1.
2020-11-08 22:56:56.686 None     INFO AUTHENTICATION------ SESSIONREQUEST------ Request ID:5f14a91f-2627-4b67-bdeb-2d47c63b9513, AuthenticationType: BizAgi, AuthenticationSubType:None, Message: ValidateRequest: Authentication:true, User enable, domain\admon, IP:127.0.0.1.
2020-11-08 22:56:56.686 None     INFO AUTHENTICATION------ SESSIONREQUEST------ Request ID:395bdf9b-8339-4ac0-a3e6-12fa6c82f398, AuthenticationType: BizAgi, AuthenticationSubType:None, Message: ValidateRequest: domain\admon, IP:127.0.0.1.
2020-11-08 22:56:56.686 None     INFO AUTHENTICATION------ SESSIONREQUEST------ Request ID:395bdf9b-8339-4ac0-a3e6-12fa6c82f398, AuthenticationType: BizAgi, AuthenticationSubType:None, Message: ValidateRequest: Authentication:true, User enable, domain\admon, IP:127.0.0.1.
